CRITICAL - 2021-11-27 02:18:10 --> Unclosed '{' on line 7
#0 C:\xampp\htdocs\Weblog\system\Router\Router.php(176): CodeIgniter\Router\Router->autoRoute('/SignupControll...')
#1 C:\xampp\htdocs\Weblog\system\CodeIgniter.php(718): CodeIgniter\Router\Router->handle('/SignupControll...')
#2 C:\xampp\htdocs\Weblog\system\CodeIgniter.php(359): CodeIgniter\CodeIgniter->tryToRouteIt(Object(CodeIgniter\Router\RouteCollection))
#3 C:\xampp\htdocs\Weblog\system\CodeIgniter.php(318): CodeIgniter\CodeIgniter->handleRequest(NULL, Object(Config\Cache), false)
#4 C:\xampp\htdocs\Weblog\index.php(37): CodeIgniter\CodeIgniter->run()
#5 {main}
CRITICAL - 2021-11-27 02:19:56 --> Class "App\Controllers\SignupModel" not found
#0 C:\xampp\htdocs\Weblog\system\CodeIgniter.php(801): App\Controllers\SignupController->__construct()
#1 C:\xampp\htdocs\Weblog\system\CodeIgniter.php(401): CodeIgniter\CodeIgniter->createController()
#2 C:\xampp\htdocs\Weblog\system\CodeIgniter.php(318): CodeIgniter\CodeIgniter->handleRequest(NULL, Object(Config\Cache), false)
#3 C:\xampp\htdocs\Weblog\index.php(37): CodeIgniter\CodeIgniter->run()
#4 {main}
CRITICAL - 2021-11-27 02:33:09 --> Undefined array key "email"
#0 C:\xampp\htdocs\Weblog\app\Controllers\SignupController.php(25): CodeIgniter\Debug\Exceptions->errorHandler(2, 'Undefined array...', 'C:\\xampp\\htdocs...', 25)
#1 C:\xampp\htdocs\Weblog\system\CodeIgniter.php(824): App\Controllers\SignupController->signup()
#2 C:\xampp\htdocs\Weblog\system\CodeIgniter.php(410): CodeIgniter\CodeIgniter->runController(Object(App\Controllers\SignupController))
#3 C:\xampp\htdocs\Weblog\system\CodeIgniter.php(318): CodeIgniter\CodeIgniter->handleRequest(NULL, Object(Config\Cache), false)
#4 C:\xampp\htdocs\Weblog\index.php(37): CodeIgniter\CodeIgniter->run()
#5 {main}
CRITICAL - 2021-11-27 02:34:13 --> Undefined array key "email"
#0 C:\xampp\htdocs\Weblog\app\Controllers\SignupController.php(25): CodeIgniter\Debug\Exceptions->errorHandler(2, 'Undefined array...', 'C:\\xampp\\htdocs...', 25)
#1 C:\xampp\htdocs\Weblog\system\CodeIgniter.php(824): App\Controllers\SignupController->signup()
#2 C:\xampp\htdocs\Weblog\system\CodeIgniter.php(410): CodeIgniter\CodeIgniter->runController(Object(App\Controllers\SignupController))
#3 C:\xampp\htdocs\Weblog\system\CodeIgniter.php(318): CodeIgniter\CodeIgniter->handleRequest(NULL, Object(Config\Cache), false)
#4 C:\xampp\htdocs\Weblog\index.php(37): CodeIgniter\CodeIgniter->run()
#5 {main}
CRITICAL - 2021-11-27 02:34:21 --> Undefined array key "email"
#0 C:\xampp\htdocs\Weblog\app\Controllers\SignupController.php(25): CodeIgniter\Debug\Exceptions->errorHandler(2, 'Undefined array...', 'C:\\xampp\\htdocs...', 25)
#1 C:\xampp\htdocs\Weblog\system\CodeIgniter.php(824): App\Controllers\SignupController->signup()
#2 C:\xampp\htdocs\Weblog\system\CodeIgniter.php(410): CodeIgniter\CodeIgniter->runController(Object(App\Controllers\SignupController))
#3 C:\xampp\htdocs\Weblog\system\CodeIgniter.php(318): CodeIgniter\CodeIgniter->handleRequest(NULL, Object(Config\Cache), false)
#4 C:\xampp\htdocs\Weblog\index.php(37): CodeIgniter\CodeIgniter->run()
#5 {main}
CRITICAL - 2021-11-27 02:35:06 --> Call to undefined function App\Controllers\test_input()
#0 C:\xampp\htdocs\Weblog\system\CodeIgniter.php(824): App\Controllers\SignupController->signup()
#1 C:\xampp\htdocs\Weblog\system\CodeIgniter.php(410): CodeIgniter\CodeIgniter->runController(Object(App\Controllers\SignupController))
#2 C:\xampp\htdocs\Weblog\system\CodeIgniter.php(318): CodeIgniter\CodeIgniter->handleRequest(NULL, Object(Config\Cache), false)
#3 C:\xampp\htdocs\Weblog\index.php(37): CodeIgniter\CodeIgniter->run()
#4 {main}
CRITICAL - 2021-11-27 02:39:21 --> Call to undefined function App\Controllers\test_input()
#0 C:\xampp\htdocs\Weblog\system\CodeIgniter.php(824): App\Controllers\SignupController->signup()
#1 C:\xampp\htdocs\Weblog\system\CodeIgniter.php(410): CodeIgniter\CodeIgniter->runController(Object(App\Controllers\SignupController))
#2 C:\xampp\htdocs\Weblog\system\CodeIgniter.php(318): CodeIgniter\CodeIgniter->handleRequest(NULL, Object(Config\Cache), false)
#3 C:\xampp\htdocs\Weblog\index.php(37): CodeIgniter\CodeIgniter->run()
#4 {main}
CRITICAL - 2021-11-27 02:47:57 --> Call to undefined function App\Controllers\test_input()
#0 C:\xampp\htdocs\Weblog\system\CodeIgniter.php(824): App\Controllers\SignupController->signup()
#1 C:\xampp\htdocs\Weblog\system\CodeIgniter.php(410): CodeIgniter\CodeIgniter->runController(Object(App\Controllers\SignupController))
#2 C:\xampp\htdocs\Weblog\system\CodeIgniter.php(318): CodeIgniter\CodeIgniter->handleRequest(NULL, Object(Config\Cache), false)
#3 C:\xampp\htdocs\Weblog\index.php(37): CodeIgniter\CodeIgniter->run()
#4 {main}
CRITICAL - 2021-11-27 03:43:06 --> Undefined property: App\Controllers\SignupController::$session
#0 C:\xampp\htdocs\Weblog\app\Controllers\SignupController.php(69): CodeIgniter\Debug\Exceptions->errorHandler(2, 'Undefined prope...', 'C:\\xampp\\htdocs...', 69)
#1 C:\xampp\htdocs\Weblog\system\CodeIgniter.php(824): App\Controllers\SignupController->signup()
#2 C:\xampp\htdocs\Weblog\system\CodeIgniter.php(410): CodeIgniter\CodeIgniter->runController(Object(App\Controllers\SignupController))
#3 C:\xampp\htdocs\Weblog\system\CodeIgniter.php(318): CodeIgniter\CodeIgniter->handleRequest(NULL, Object(Config\Cache), false)
#4 C:\xampp\htdocs\Weblog\index.php(37): CodeIgniter\CodeIgniter->run()
#5 {main}
CRITICAL - 2021-11-27 03:44:56 --> Undefined property: App\Controllers\SignupController::$session
#0 C:\xampp\htdocs\Weblog\app\Controllers\SignupController.php(70): CodeIgniter\Debug\Exceptions->errorHandler(2, 'Undefined prope...', 'C:\\xampp\\htdocs...', 70)
#1 C:\xampp\htdocs\Weblog\system\CodeIgniter.php(824): App\Controllers\SignupController->signup()
#2 C:\xampp\htdocs\Weblog\system\CodeIgniter.php(410): CodeIgniter\CodeIgniter->runController(Object(App\Controllers\SignupController))
#3 C:\xampp\htdocs\Weblog\system\CodeIgniter.php(318): CodeIgniter\CodeIgniter->handleRequest(NULL, Object(Config\Cache), false)
#4 C:\xampp\htdocs\Weblog\index.php(37): CodeIgniter\CodeIgniter->run()
#5 {main}
CRITICAL - 2021-11-27 03:51:24 --> Undefined property: App\Controllers\SignupController::$session
#0 C:\xampp\htdocs\Weblog\app\Controllers\SignupController.php(90): CodeIgniter\Debug\Exceptions->errorHandler(2, 'Undefined prope...', 'C:\\xampp\\htdocs...', 90)
#1 C:\xampp\htdocs\Weblog\system\CodeIgniter.php(824): App\Controllers\SignupController->signup()
#2 C:\xampp\htdocs\Weblog\system\CodeIgniter.php(410): CodeIgniter\CodeIgniter->runController(Object(App\Controllers\SignupController))
#3 C:\xampp\htdocs\Weblog\system\CodeIgniter.php(318): CodeIgniter\CodeIgniter->handleRequest(NULL, Object(Config\Cache), false)
#4 C:\xampp\htdocs\Weblog\index.php(37): CodeIgniter\CodeIgniter->run()
#5 {main}
CRITICAL - 2021-11-27 04:03:13 --> Undefined property: App\Controllers\SignupController::$load
#0 C:\xampp\htdocs\Weblog\app\Controllers\SignupController.php(70): CodeIgniter\Debug\Exceptions->errorHandler(2, 'Undefined prope...', 'C:\\xampp\\htdocs...', 70)
#1 C:\xampp\htdocs\Weblog\system\CodeIgniter.php(824): App\Controllers\SignupController->signup()
#2 C:\xampp\htdocs\Weblog\system\CodeIgniter.php(410): CodeIgniter\CodeIgniter->runController(Object(App\Controllers\SignupController))
#3 C:\xampp\htdocs\Weblog\system\CodeIgniter.php(318): CodeIgniter\CodeIgniter->handleRequest(NULL, Object(Config\Cache), false)
#4 C:\xampp\htdocs\Weblog\index.php(37): CodeIgniter\CodeIgniter->run()
#5 {main}
CRITICAL - 2021-11-27 04:06:59 --> Undefined property: App\Controllers\SignupController::$load
#0 C:\xampp\htdocs\Weblog\app\Controllers\SignupController.php(70): CodeIgniter\Debug\Exceptions->errorHandler(2, 'Undefined prope...', 'C:\\xampp\\htdocs...', 70)
#1 C:\xampp\htdocs\Weblog\system\CodeIgniter.php(824): App\Controllers\SignupController->signup()
#2 C:\xampp\htdocs\Weblog\system\CodeIgniter.php(410): CodeIgniter\CodeIgniter->runController(Object(App\Controllers\SignupController))
#3 C:\xampp\htdocs\Weblog\system\CodeIgniter.php(318): CodeIgniter\CodeIgniter->handleRequest(NULL, Object(Config\Cache), false)
#4 C:\xampp\htdocs\Weblog\index.php(37): CodeIgniter\CodeIgniter->run()
#5 {main}
CRITICAL - 2021-11-27 04:14:22 --> Undefined property: App\Controllers\SignupController::$load
#0 C:\xampp\htdocs\Weblog\app\Controllers\SignupController.php(70): CodeIgniter\Debug\Exceptions->errorHandler(2, 'Undefined prope...', 'C:\\xampp\\htdocs...', 70)
#1 C:\xampp\htdocs\Weblog\system\CodeIgniter.php(824): App\Controllers\SignupController->signup()
#2 C:\xampp\htdocs\Weblog\system\CodeIgniter.php(410): CodeIgniter\CodeIgniter->runController(Object(App\Controllers\SignupController))
#3 C:\xampp\htdocs\Weblog\system\CodeIgniter.php(318): CodeIgniter\CodeIgniter->handleRequest(NULL, Object(Config\Cache), false)
#4 C:\xampp\htdocs\Weblog\index.php(37): CodeIgniter\CodeIgniter->run()
#5 {main}
CRITICAL - 2021-11-27 04:34:28 --> Undefined property: App\Controllers\SignupController::$session
#0 C:\xampp\htdocs\Weblog\app\Controllers\SignupController.php(91): CodeIgniter\Debug\Exceptions->errorHandler(2, 'Undefined prope...', 'C:\\xampp\\htdocs...', 91)
#1 C:\xampp\htdocs\Weblog\system\CodeIgniter.php(824): App\Controllers\SignupController->signup()
#2 C:\xampp\htdocs\Weblog\system\CodeIgniter.php(410): CodeIgniter\CodeIgniter->runController(Object(App\Controllers\SignupController))
#3 C:\xampp\htdocs\Weblog\system\CodeIgniter.php(318): CodeIgniter\CodeIgniter->handleRequest(NULL, Object(Config\Cache), false)
#4 C:\xampp\htdocs\Weblog\index.php(37): CodeIgniter\CodeIgniter->run()
#5 {main}
CRITICAL - 2021-11-27 05:31:17 --> Call to undefined function set_value()
#0 C:\xampp\htdocs\Weblog\system\View\View.php(214): include()
#1 C:\xampp\htdocs\Weblog\system\View\View.php(217): CodeIgniter\View\View->CodeIgniter\View\{closure}()
#2 C:\xampp\htdocs\Weblog\system\Common.php(1097): CodeIgniter\View\View->render('SignupView', Array, true)
#3 C:\xampp\htdocs\Weblog\app\Controllers\SignupController.php(20): view('SignupView')
#4 C:\xampp\htdocs\Weblog\system\CodeIgniter.php(824): App\Controllers\SignupController->index()
#5 C:\xampp\htdocs\Weblog\system\CodeIgniter.php(410): CodeIgniter\CodeIgniter->runController(Object(App\Controllers\SignupController))
#6 C:\xampp\htdocs\Weblog\system\CodeIgniter.php(318): CodeIgniter\CodeIgniter->handleRequest(NULL, Object(Config\Cache), false)
#7 C:\xampp\htdocs\Weblog\index.php(37): CodeIgniter\CodeIgniter->run()
#8 {main}
CRITICAL - 2021-11-27 05:32:49 --> Call to undefined function set_value()
#0 C:\xampp\htdocs\Weblog\system\View\View.php(214): include()
#1 C:\xampp\htdocs\Weblog\system\View\View.php(217): CodeIgniter\View\View->CodeIgniter\View\{closure}()
#2 C:\xampp\htdocs\Weblog\system\Common.php(1097): CodeIgniter\View\View->render('SignupView', Array, true)
#3 C:\xampp\htdocs\Weblog\app\Controllers\SignupController.php(20): view('SignupView')
#4 C:\xampp\htdocs\Weblog\system\CodeIgniter.php(824): App\Controllers\SignupController->index()
#5 C:\xampp\htdocs\Weblog\system\CodeIgniter.php(410): CodeIgniter\CodeIgniter->runController(Object(App\Controllers\SignupController))
#6 C:\xampp\htdocs\Weblog\system\CodeIgniter.php(318): CodeIgniter\CodeIgniter->handleRequest(NULL, Object(Config\Cache), false)
#7 C:\xampp\htdocs\Weblog\index.php(37): CodeIgniter\CodeIgniter->run()
#8 {main}
CRITICAL - 2021-11-27 05:33:35 --> Call to undefined function set_value()
#0 C:\xampp\htdocs\Weblog\system\View\View.php(214): include()
#1 C:\xampp\htdocs\Weblog\system\View\View.php(217): CodeIgniter\View\View->CodeIgniter\View\{closure}()
#2 C:\xampp\htdocs\Weblog\system\Common.php(1097): CodeIgniter\View\View->render('SignupView', Array, true)
#3 C:\xampp\htdocs\Weblog\app\Controllers\SignupController.php(20): view('SignupView')
#4 C:\xampp\htdocs\Weblog\system\CodeIgniter.php(824): App\Controllers\SignupController->index()
#5 C:\xampp\htdocs\Weblog\system\CodeIgniter.php(410): CodeIgniter\CodeIgniter->runController(Object(App\Controllers\SignupController))
#6 C:\xampp\htdocs\Weblog\system\CodeIgniter.php(318): CodeIgniter\CodeIgniter->handleRequest(NULL, Object(Config\Cache), false)
#7 C:\xampp\htdocs\Weblog\index.php(37): CodeIgniter\CodeIgniter->run()
#8 {main}
CRITICAL - 2021-11-27 05:34:57 --> Call to undefined function set_value()
#0 C:\xampp\htdocs\Weblog\system\View\View.php(214): include()
#1 C:\xampp\htdocs\Weblog\system\View\View.php(217): CodeIgniter\View\View->CodeIgniter\View\{closure}()
#2 C:\xampp\htdocs\Weblog\system\Common.php(1097): CodeIgniter\View\View->render('SignupView', Array, true)
#3 C:\xampp\htdocs\Weblog\app\Controllers\SignupController.php(20): view('SignupView')
#4 C:\xampp\htdocs\Weblog\system\CodeIgniter.php(824): App\Controllers\SignupController->index()
#5 C:\xampp\htdocs\Weblog\system\CodeIgniter.php(410): CodeIgniter\CodeIgniter->runController(Object(App\Controllers\SignupController))
#6 C:\xampp\htdocs\Weblog\system\CodeIgniter.php(318): CodeIgniter\CodeIgniter->handleRequest(NULL, Object(Config\Cache), false)
#7 C:\xampp\htdocs\Weblog\index.php(37): CodeIgniter\CodeIgniter->run()
#8 {main}
CRITICAL - 2021-11-27 05:38:57 --> Call to undefined function set_value()
#0 C:\xampp\htdocs\Weblog\system\View\View.php(214): include()
#1 C:\xampp\htdocs\Weblog\system\View\View.php(217): CodeIgniter\View\View->CodeIgniter\View\{closure}()
#2 C:\xampp\htdocs\Weblog\system\Common.php(1097): CodeIgniter\View\View->render('SignupView', Array, true)
#3 C:\xampp\htdocs\Weblog\app\Controllers\SignupController.php(20): view('SignupView')
#4 C:\xampp\htdocs\Weblog\system\CodeIgniter.php(824): App\Controllers\SignupController->index()
#5 C:\xampp\htdocs\Weblog\system\CodeIgniter.php(410): CodeIgniter\CodeIgniter->runController(Object(App\Controllers\SignupController))
#6 C:\xampp\htdocs\Weblog\system\CodeIgniter.php(318): CodeIgniter\CodeIgniter->handleRequest(NULL, Object(Config\Cache), false)
#7 C:\xampp\htdocs\Weblog\index.php(37): CodeIgniter\CodeIgniter->run()
#8 {main}
CRITICAL - 2021-11-27 05:39:25 --> Call to undefined function set_value()
#0 C:\xampp\htdocs\Weblog\system\View\View.php(214): include()
#1 C:\xampp\htdocs\Weblog\system\View\View.php(217): CodeIgniter\View\View->CodeIgniter\View\{closure}()
#2 C:\xampp\htdocs\Weblog\system\Common.php(1097): CodeIgniter\View\View->render('SignupView', Array, true)
#3 C:\xampp\htdocs\Weblog\app\Controllers\SignupController.php(20): view('SignupView')
#4 C:\xampp\htdocs\Weblog\system\CodeIgniter.php(824): App\Controllers\SignupController->index()
#5 C:\xampp\htdocs\Weblog\system\CodeIgniter.php(410): CodeIgniter\CodeIgniter->runController(Object(App\Controllers\SignupController))
#6 C:\xampp\htdocs\Weblog\system\CodeIgniter.php(318): CodeIgniter\CodeIgniter->handleRequest(NULL, Object(Config\Cache), false)
#7 C:\xampp\htdocs\Weblog\index.php(37): CodeIgniter\CodeIgniter->run()
#8 {main}
CRITICAL - 2021-11-27 05:39:42 --> Call to undefined function set_value()
#0 C:\xampp\htdocs\Weblog\system\View\View.php(214): include()
#1 C:\xampp\htdocs\Weblog\system\View\View.php(217): CodeIgniter\View\View->CodeIgniter\View\{closure}()
#2 C:\xampp\htdocs\Weblog\system\Common.php(1097): CodeIgniter\View\View->render('SignupView', Array, true)
#3 C:\xampp\htdocs\Weblog\app\Controllers\SignupController.php(20): view('SignupView')
#4 C:\xampp\htdocs\Weblog\system\CodeIgniter.php(824): App\Controllers\SignupController->index()
#5 C:\xampp\htdocs\Weblog\system\CodeIgniter.php(410): CodeIgniter\CodeIgniter->runController(Object(App\Controllers\SignupController))
#6 C:\xampp\htdocs\Weblog\system\CodeIgniter.php(318): CodeIgniter\CodeIgniter->handleRequest(NULL, Object(Config\Cache), false)
#7 C:\xampp\htdocs\Weblog\index.php(37): CodeIgniter\CodeIgniter->run()
#8 {main}
CRITICAL - 2021-11-27 21:41:57 --> Array to string conversion
#0 C:\xampp\htdocs\Weblog\app\Views\SignupView.php(17): CodeIgniter\Debug\Exceptions->errorHandler(2, 'Array to string...', 'C:\\xampp\\htdocs...', 17)
#1 C:\xampp\htdocs\Weblog\system\View\View.php(214): include('C:\\xampp\\htdocs...')
#2 C:\xampp\htdocs\Weblog\system\View\View.php(217): CodeIgniter\View\View->CodeIgniter\View\{closure}()
#3 C:\xampp\htdocs\Weblog\system\Common.php(1097): CodeIgniter\View\View->render('SignupView', Array, true)
#4 C:\xampp\htdocs\Weblog\app\Controllers\SignupController.php(22): view('SignupView')
#5 C:\xampp\htdocs\Weblog\system\CodeIgniter.php(824): App\Controllers\SignupController->index()
#6 C:\xampp\htdocs\Weblog\system\CodeIgniter.php(410): CodeIgniter\CodeIgniter->runController(Object(App\Controllers\SignupController))
#7 C:\xampp\htdocs\Weblog\system\CodeIgniter.php(318): CodeIgniter\CodeIgniter->handleRequest(NULL, Object(Config\Cache), false)
#8 C:\xampp\htdocs\Weblog\index.php(37): CodeIgniter\CodeIgniter->run()
#9 {main}
CRITICAL - 2021-11-27 21:49:36 --> foreach() argument must be of type array|object, null given
#0 C:\xampp\htdocs\Weblog\app\Views\SignupView.php(17): CodeIgniter\Debug\Exceptions->errorHandler(2, 'foreach() argum...', 'C:\\xampp\\htdocs...', 17)
#1 C:\xampp\htdocs\Weblog\system\View\View.php(214): include('C:\\xampp\\htdocs...')
#2 C:\xampp\htdocs\Weblog\system\View\View.php(217): CodeIgniter\View\View->CodeIgniter\View\{closure}()
#3 C:\xampp\htdocs\Weblog\system\Common.php(1097): CodeIgniter\View\View->render('SignupView', Array, true)
#4 C:\xampp\htdocs\Weblog\app\Controllers\SignupController.php(22): view('SignupView')
#5 C:\xampp\htdocs\Weblog\system\CodeIgniter.php(824): App\Controllers\SignupController->index()
#6 C:\xampp\htdocs\Weblog\system\CodeIgniter.php(410): CodeIgniter\CodeIgniter->runController(Object(App\Controllers\SignupController))
#7 C:\xampp\htdocs\Weblog\system\CodeIgniter.php(318): CodeIgniter\CodeIgniter->handleRequest(NULL, Object(Config\Cache), false)
#8 C:\xampp\htdocs\Weblog\index.php(37): CodeIgniter\CodeIgniter->run()
#9 {main}
CRITICAL - 2021-11-27 22:00:28 --> Call to undefined function set_value()
#0 C:\xampp\htdocs\Weblog\system\View\View.php(214): include()
#1 C:\xampp\htdocs\Weblog\system\View\View.php(217): CodeIgniter\View\View->CodeIgniter\View\{closure}()
#2 C:\xampp\htdocs\Weblog\system\Common.php(1097): CodeIgniter\View\View->render('SignupView', Array, true)
#3 C:\xampp\htdocs\Weblog\app\Controllers\SignupController.php(18): view('SignupView')
#4 C:\xampp\htdocs\Weblog\system\CodeIgniter.php(824): App\Controllers\SignupController->index()
#5 C:\xampp\htdocs\Weblog\system\CodeIgniter.php(410): CodeIgniter\CodeIgniter->runController(Object(App\Controllers\SignupController))
#6 C:\xampp\htdocs\Weblog\system\CodeIgniter.php(318): CodeIgniter\CodeIgniter->handleRequest(NULL, Object(Config\Cache), false)
#7 C:\xampp\htdocs\Weblog\index.php(37): CodeIgniter\CodeIgniter->run()
#8 {main}
CRITICAL - 2021-11-27 22:12:14 --> Undefined property: App\Controllers\SignupController::$input
#0 C:\xampp\htdocs\Weblog\app\Controllers\SignupController.php(28): CodeIgniter\Debug\Exceptions->errorHandler(2, 'Undefined prope...', 'C:\\xampp\\htdocs...', 28)
#1 C:\xampp\htdocs\Weblog\system\CodeIgniter.php(824): App\Controllers\SignupController->signup()
#2 C:\xampp\htdocs\Weblog\system\CodeIgniter.php(410): CodeIgniter\CodeIgniter->runController(Object(App\Controllers\SignupController))
#3 C:\xampp\htdocs\Weblog\system\CodeIgniter.php(318): CodeIgniter\CodeIgniter->handleRequest(NULL, Object(Config\Cache), false)
#4 C:\xampp\htdocs\Weblog\index.php(37): CodeIgniter\CodeIgniter->run()
#5 {main}
CRITICAL - 2021-11-27 22:19:12 --> Undefined property: App\Controllers\SignupController::$input
#0 C:\xampp\htdocs\Weblog\app\Controllers\SignupController.php(28): CodeIgniter\Debug\Exceptions->errorHandler(2, 'Undefined prope...', 'C:\\xampp\\htdocs...', 28)
#1 C:\xampp\htdocs\Weblog\system\CodeIgniter.php(824): App\Controllers\SignupController->signup()
#2 C:\xampp\htdocs\Weblog\system\CodeIgniter.php(410): CodeIgniter\CodeIgniter->runController(Object(App\Controllers\SignupController))
#3 C:\xampp\htdocs\Weblog\system\CodeIgniter.php(318): CodeIgniter\CodeIgniter->handleRequest(NULL, Object(Config\Cache), false)
#4 C:\xampp\htdocs\Weblog\index.php(37): CodeIgniter\CodeIgniter->run()
#5 {main}
CRITICAL - 2021-11-27 22:34:58 --> Array to string conversion
#0 C:\xampp\htdocs\Weblog\app\Views\SignupView.php(18): CodeIgniter\Debug\Exceptions->errorHandler(2, 'Array to string...', 'C:\\xampp\\htdocs...', 18)
#1 C:\xampp\htdocs\Weblog\system\View\View.php(214): include('C:\\xampp\\htdocs...')
#2 C:\xampp\htdocs\Weblog\system\View\View.php(217): CodeIgniter\View\View->CodeIgniter\View\{closure}()
#3 C:\xampp\htdocs\Weblog\system\Common.php(1097): CodeIgniter\View\View->render('SignupView', Array, true)
#4 C:\xampp\htdocs\Weblog\app\Controllers\SignupController.php(22): view('SignupView')
#5 C:\xampp\htdocs\Weblog\system\CodeIgniter.php(824): App\Controllers\SignupController->index()
#6 C:\xampp\htdocs\Weblog\system\CodeIgniter.php(410): CodeIgniter\CodeIgniter->runController(Object(App\Controllers\SignupController))
#7 C:\xampp\htdocs\Weblog\system\CodeIgniter.php(318): CodeIgniter\CodeIgniter->handleRequest(NULL, Object(Config\Cache), false)
#8 C:\xampp\htdocs\Weblog\index.php(37): CodeIgniter\CodeIgniter->run()
#9 {main}
CRITICAL - 2021-11-27 22:38:26 --> Unclosed '{' on line 17
#0 C:\xampp\htdocs\Weblog\system\View\View.php(217): CodeIgniter\View\View->CodeIgniter\View\{closure}()
#1 C:\xampp\htdocs\Weblog\system\Common.php(1097): CodeIgniter\View\View->render('SignupView', Array, true)
#2 C:\xampp\htdocs\Weblog\app\Controllers\SignupController.php(22): view('SignupView')
#3 C:\xampp\htdocs\Weblog\system\CodeIgniter.php(824): App\Controllers\SignupController->index()
#4 C:\xampp\htdocs\Weblog\system\CodeIgniter.php(410): CodeIgniter\CodeIgniter->runController(Object(App\Controllers\SignupController))
#5 C:\xampp\htdocs\Weblog\system\CodeIgniter.php(318): CodeIgniter\CodeIgniter->handleRequest(NULL, Object(Config\Cache), false)
#6 C:\xampp\htdocs\Weblog\index.php(37): CodeIgniter\CodeIgniter->run()
#7 {main}
CRITICAL - 2021-11-27 22:40:54 --> Undefined variable $failure
#0 C:\xampp\htdocs\Weblog\app\Views\SignupView.php(19): CodeIgniter\Debug\Exceptions->errorHandler(2, 'Undefined varia...', 'C:\\xampp\\htdocs...', 19)
#1 C:\xampp\htdocs\Weblog\system\View\View.php(214): include('C:\\xampp\\htdocs...')
#2 C:\xampp\htdocs\Weblog\system\View\View.php(217): CodeIgniter\View\View->CodeIgniter\View\{closure}()
#3 C:\xampp\htdocs\Weblog\system\Common.php(1097): CodeIgniter\View\View->render('SignupView', Array, true)
#4 C:\xampp\htdocs\Weblog\app\Controllers\SignupController.php(22): view('SignupView')
#5 C:\xampp\htdocs\Weblog\system\CodeIgniter.php(824): App\Controllers\SignupController->index()
#6 C:\xampp\htdocs\Weblog\system\CodeIgniter.php(410): CodeIgniter\CodeIgniter->runController(Object(App\Controllers\SignupController))
#7 C:\xampp\htdocs\Weblog\system\CodeIgniter.php(318): CodeIgniter\CodeIgniter->handleRequest(NULL, Object(Config\Cache), false)
#8 C:\xampp\htdocs\Weblog\index.php(37): CodeIgniter\CodeIgniter->run()
#9 {main}
CRITICAL - 2021-11-27 22:44:21 --> Undefined variable $failure
#0 C:\xampp\htdocs\Weblog\app\Views\SignupView.php(19): CodeIgniter\Debug\Exceptions->errorHandler(2, 'Undefined varia...', 'C:\\xampp\\htdocs...', 19)
#1 C:\xampp\htdocs\Weblog\system\View\View.php(214): include('C:\\xampp\\htdocs...')
#2 C:\xampp\htdocs\Weblog\system\View\View.php(217): CodeIgniter\View\View->CodeIgniter\View\{closure}()
#3 C:\xampp\htdocs\Weblog\system\Common.php(1097): CodeIgniter\View\View->render('SignupView', Array, true)
#4 C:\xampp\htdocs\Weblog\app\Controllers\SignupController.php(22): view('SignupView')
#5 C:\xampp\htdocs\Weblog\system\CodeIgniter.php(824): App\Controllers\SignupController->index()
#6 C:\xampp\htdocs\Weblog\system\CodeIgniter.php(410): CodeIgniter\CodeIgniter->runController(Object(App\Controllers\SignupController))
#7 C:\xampp\htdocs\Weblog\system\CodeIgniter.php(318): CodeIgniter\CodeIgniter->handleRequest(NULL, Object(Config\Cache), false)
#8 C:\xampp\htdocs\Weblog\index.php(37): CodeIgniter\CodeIgniter->run()
#9 {main}
CRITICAL - 2021-11-27 22:48:05 --> Cannot use [] for reading
#0 C:\xampp\htdocs\Weblog\system\CodeIgniter.php(824): App\Controllers\SignupController->signup()
#1 C:\xampp\htdocs\Weblog\system\CodeIgniter.php(410): CodeIgniter\CodeIgniter->runController(Object(App\Controllers\SignupController))
#2 C:\xampp\htdocs\Weblog\system\CodeIgniter.php(318): CodeIgniter\CodeIgniter->handleRequest(NULL, Object(Config\Cache), false)
#3 C:\xampp\htdocs\Weblog\index.php(37): CodeIgniter\CodeIgniter->run()
#4 {main}
