CRITICAL - 2022-01-25 08:41:42 --> Undefined variable $income
#0 C:\xampp\htdocs\Datamanagement\app\Controllers\AccountsController.php(40): CodeIgniter\Debug\Exceptions->errorHandler(2, 'Undefined varia...', 'C:\\xampp\\htdocs...', 40)
#1 C:\xampp\htdocs\Datamanagement\system\CodeIgniter.php(824): App\Controllers\AccountsController->store()
#2 C:\xampp\htdocs\Datamanagement\system\CodeIgniter.php(410): CodeIgniter\CodeIgniter->runController(Object(App\Controllers\AccountsController))
#3 C:\xampp\htdocs\Datamanagement\system\CodeIgniter.php(318): CodeIgniter\CodeIgniter->handleRequest(NULL, Object(Config\Cache), false)
#4 C:\xampp\htdocs\Datamanagement\index.php(37): CodeIgniter\CodeIgniter->run()
#5 {main}
CRITICAL - 2022-01-25 08:47:20 --> Undefined variable $cash
#0 C:\xampp\htdocs\Datamanagement\app\Views\AccountsView.php(95): CodeIgniter\Debug\Exceptions->errorHandler(2, 'Undefined varia...', 'C:\\xampp\\htdocs...', 95)
#1 C:\xampp\htdocs\Datamanagement\system\View\View.php(214): include('C:\\xampp\\htdocs...')
#2 C:\xampp\htdocs\Datamanagement\system\View\View.php(217): CodeIgniter\View\View->CodeIgniter\View\{closure}()
#3 C:\xampp\htdocs\Datamanagement\system\Common.php(1097): CodeIgniter\View\View->render('AccountsView', Array, true)
#4 C:\xampp\htdocs\Datamanagement\app\Controllers\AccountsController.php(44): view('AccountsView')
#5 C:\xampp\htdocs\Datamanagement\system\CodeIgniter.php(824): App\Controllers\AccountsController->store()
#6 C:\xampp\htdocs\Datamanagement\system\CodeIgniter.php(410): CodeIgniter\CodeIgniter->runController(Object(App\Controllers\AccountsController))
#7 C:\xampp\htdocs\Datamanagement\system\CodeIgniter.php(318): CodeIgniter\CodeIgniter->handleRequest(NULL, Object(Config\Cache), false)
#8 C:\xampp\htdocs\Datamanagement\index.php(37): CodeIgniter\CodeIgniter->run()
#9 {main}
CRITICAL - 2022-01-25 08:51:19 --> Undefined variable $cash
#0 C:\xampp\htdocs\Datamanagement\app\Views\AccountsView.php(95): CodeIgniter\Debug\Exceptions->errorHandler(2, 'Undefined varia...', 'C:\\xampp\\htdocs...', 95)
#1 C:\xampp\htdocs\Datamanagement\system\View\View.php(214): include('C:\\xampp\\htdocs...')
#2 C:\xampp\htdocs\Datamanagement\system\View\View.php(217): CodeIgniter\View\View->CodeIgniter\View\{closure}()
#3 C:\xampp\htdocs\Datamanagement\system\Common.php(1097): CodeIgniter\View\View->render('AccountsView', Array, true)
#4 C:\xampp\htdocs\Datamanagement\app\Controllers\AccountsController.php(45): view('AccountsView')
#5 C:\xampp\htdocs\Datamanagement\system\CodeIgniter.php(824): App\Controllers\AccountsController->store()
#6 C:\xampp\htdocs\Datamanagement\system\CodeIgniter.php(410): CodeIgniter\CodeIgniter->runController(Object(App\Controllers\AccountsController))
#7 C:\xampp\htdocs\Datamanagement\system\CodeIgniter.php(318): CodeIgniter\CodeIgniter->handleRequest(NULL, Object(Config\Cache), false)
#8 C:\xampp\htdocs\Datamanagement\index.php(37): CodeIgniter\CodeIgniter->run()
#9 {main}
CRITICAL - 2022-01-25 08:51:29 --> Undefined variable $cash
#0 C:\xampp\htdocs\Datamanagement\app\Views\AccountsView.php(95): CodeIgniter\Debug\Exceptions->errorHandler(2, 'Undefined varia...', 'C:\\xampp\\htdocs...', 95)
#1 C:\xampp\htdocs\Datamanagement\system\View\View.php(214): include('C:\\xampp\\htdocs...')
#2 C:\xampp\htdocs\Datamanagement\system\View\View.php(217): CodeIgniter\View\View->CodeIgniter\View\{closure}()
#3 C:\xampp\htdocs\Datamanagement\system\Common.php(1097): CodeIgniter\View\View->render('AccountsView', Array, true)
#4 C:\xampp\htdocs\Datamanagement\app\Controllers\AccountsController.php(45): view('AccountsView')
#5 C:\xampp\htdocs\Datamanagement\system\CodeIgniter.php(824): App\Controllers\AccountsController->store()
#6 C:\xampp\htdocs\Datamanagement\system\CodeIgniter.php(410): CodeIgniter\CodeIgniter->runController(Object(App\Controllers\AccountsController))
#7 C:\xampp\htdocs\Datamanagement\system\CodeIgniter.php(318): CodeIgniter\CodeIgniter->handleRequest(NULL, Object(Config\Cache), false)
#8 C:\xampp\htdocs\Datamanagement\index.php(37): CodeIgniter\CodeIgniter->run()
#9 {main}
CRITICAL - 2022-01-25 08:52:50 --> Undefined variable $cash
#0 C:\xampp\htdocs\Datamanagement\app\Views\AccountsView.php(95): CodeIgniter\Debug\Exceptions->errorHandler(2, 'Undefined varia...', 'C:\\xampp\\htdocs...', 95)
#1 C:\xampp\htdocs\Datamanagement\system\View\View.php(214): include('C:\\xampp\\htdocs...')
#2 C:\xampp\htdocs\Datamanagement\system\View\View.php(217): CodeIgniter\View\View->CodeIgniter\View\{closure}()
#3 C:\xampp\htdocs\Datamanagement\system\Common.php(1097): CodeIgniter\View\View->render('AccountsView', Array, true)
#4 C:\xampp\htdocs\Datamanagement\app\Controllers\AccountsController.php(45): view('AccountsView')
#5 C:\xampp\htdocs\Datamanagement\system\CodeIgniter.php(824): App\Controllers\AccountsController->store()
#6 C:\xampp\htdocs\Datamanagement\system\CodeIgniter.php(410): CodeIgniter\CodeIgniter->runController(Object(App\Controllers\AccountsController))
#7 C:\xampp\htdocs\Datamanagement\system\CodeIgniter.php(318): CodeIgniter\CodeIgniter->handleRequest(NULL, Object(Config\Cache), false)
#8 C:\xampp\htdocs\Datamanagement\index.php(37): CodeIgniter\CodeIgniter->run()
#9 {main}
CRITICAL - 2022-01-25 08:57:34 --> Invalid file: TestView.php
#0 C:\xampp\htdocs\Datamanagement\system\View\View.php(198): CodeIgniter\Exceptions\FrameworkException::forInvalidFile('TestView.php')
#1 C:\xampp\htdocs\Datamanagement\system\Common.php(1097): CodeIgniter\View\View->render('TestView', Array, true)
#2 C:\xampp\htdocs\Datamanagement\app\Controllers\AccountsController.php(22): view('TestView', Array)
#3 C:\xampp\htdocs\Datamanagement\system\CodeIgniter.php(824): App\Controllers\AccountsController->index()
#4 C:\xampp\htdocs\Datamanagement\system\CodeIgniter.php(410): CodeIgniter\CodeIgniter->runController(Object(App\Controllers\AccountsController))
#5 C:\xampp\htdocs\Datamanagement\system\CodeIgniter.php(318): CodeIgniter\CodeIgniter->handleRequest(NULL, Object(Config\Cache), false)
#6 C:\xampp\htdocs\Datamanagement\index.php(37): CodeIgniter\CodeIgniter->run()
#7 {main}
CRITICAL - 2022-01-25 09:17:52 --> Undefined variable $cash
#0 C:\xampp\htdocs\Datamanagement\app\Views\AccountsView.php(95): CodeIgniter\Debug\Exceptions->errorHandler(2, 'Undefined varia...', 'C:\\xampp\\htdocs...', 95)
#1 C:\xampp\htdocs\Datamanagement\system\View\View.php(214): include('C:\\xampp\\htdocs...')
#2 C:\xampp\htdocs\Datamanagement\system\View\View.php(217): CodeIgniter\View\View->CodeIgniter\View\{closure}()
#3 C:\xampp\htdocs\Datamanagement\system\Common.php(1097): CodeIgniter\View\View->render('AccountsView', Array, true)
#4 C:\xampp\htdocs\Datamanagement\app\Controllers\AccountsController.php(47): view('AccountsView')
#5 C:\xampp\htdocs\Datamanagement\system\CodeIgniter.php(824): App\Controllers\AccountsController->store()
#6 C:\xampp\htdocs\Datamanagement\system\CodeIgniter.php(410): CodeIgniter\CodeIgniter->runController(Object(App\Controllers\AccountsController))
#7 C:\xampp\htdocs\Datamanagement\system\CodeIgniter.php(318): CodeIgniter\CodeIgniter->handleRequest(NULL, Object(Config\Cache), false)
#8 C:\xampp\htdocs\Datamanagement\index.php(37): CodeIgniter\CodeIgniter->run()
#9 {main}
CRITICAL - 2022-01-25 09:21:59 --> Undefined variable $cash
#0 C:\xampp\htdocs\Datamanagement\app\Views\AccountsView.php(95): CodeIgniter\Debug\Exceptions->errorHandler(2, 'Undefined varia...', 'C:\\xampp\\htdocs...', 95)
#1 C:\xampp\htdocs\Datamanagement\system\View\View.php(214): include('C:\\xampp\\htdocs...')
#2 C:\xampp\htdocs\Datamanagement\system\View\View.php(217): CodeIgniter\View\View->CodeIgniter\View\{closure}()
#3 C:\xampp\htdocs\Datamanagement\system\Common.php(1097): CodeIgniter\View\View->render('AccountsView', Array, true)
#4 C:\xampp\htdocs\Datamanagement\app\Controllers\AccountsController.php(47): view('AccountsView')
#5 C:\xampp\htdocs\Datamanagement\system\CodeIgniter.php(824): App\Controllers\AccountsController->store()
#6 C:\xampp\htdocs\Datamanagement\system\CodeIgniter.php(410): CodeIgniter\CodeIgniter->runController(Object(App\Controllers\AccountsController))
#7 C:\xampp\htdocs\Datamanagement\system\CodeIgniter.php(318): CodeIgniter\CodeIgniter->handleRequest(NULL, Object(Config\Cache), false)
#8 C:\xampp\htdocs\Datamanagement\index.php(37): CodeIgniter\CodeIgniter->run()
#9 {main}
CRITICAL - 2022-01-25 09:22:01 --> Undefined variable $cash
#0 C:\xampp\htdocs\Datamanagement\app\Views\AccountsView.php(95): CodeIgniter\Debug\Exceptions->errorHandler(2, 'Undefined varia...', 'C:\\xampp\\htdocs...', 95)
#1 C:\xampp\htdocs\Datamanagement\system\View\View.php(214): include('C:\\xampp\\htdocs...')
#2 C:\xampp\htdocs\Datamanagement\system\View\View.php(217): CodeIgniter\View\View->CodeIgniter\View\{closure}()
#3 C:\xampp\htdocs\Datamanagement\system\Common.php(1097): CodeIgniter\View\View->render('AccountsView', Array, true)
#4 C:\xampp\htdocs\Datamanagement\app\Controllers\AccountsController.php(47): view('AccountsView')
#5 C:\xampp\htdocs\Datamanagement\system\CodeIgniter.php(824): App\Controllers\AccountsController->store()
#6 C:\xampp\htdocs\Datamanagement\system\CodeIgniter.php(410): CodeIgniter\CodeIgniter->runController(Object(App\Controllers\AccountsController))
#7 C:\xampp\htdocs\Datamanagement\system\CodeIgniter.php(318): CodeIgniter\CodeIgniter->handleRequest(NULL, Object(Config\Cache), false)
#8 C:\xampp\htdocs\Datamanagement\index.php(37): CodeIgniter\CodeIgniter->run()
#9 {main}
CRITICAL - 2022-01-25 09:22:11 --> Undefined variable $cash
#0 C:\xampp\htdocs\Datamanagement\app\Views\AccountsView.php(95): CodeIgniter\Debug\Exceptions->errorHandler(2, 'Undefined varia...', 'C:\\xampp\\htdocs...', 95)
#1 C:\xampp\htdocs\Datamanagement\system\View\View.php(214): include('C:\\xampp\\htdocs...')
#2 C:\xampp\htdocs\Datamanagement\system\View\View.php(217): CodeIgniter\View\View->CodeIgniter\View\{closure}()
#3 C:\xampp\htdocs\Datamanagement\system\Common.php(1097): CodeIgniter\View\View->render('AccountsView', Array, true)
#4 C:\xampp\htdocs\Datamanagement\app\Controllers\AccountsController.php(47): view('AccountsView')
#5 C:\xampp\htdocs\Datamanagement\system\CodeIgniter.php(824): App\Controllers\AccountsController->store()
#6 C:\xampp\htdocs\Datamanagement\system\CodeIgniter.php(410): CodeIgniter\CodeIgniter->runController(Object(App\Controllers\AccountsController))
#7 C:\xampp\htdocs\Datamanagement\system\CodeIgniter.php(318): CodeIgniter\CodeIgniter->handleRequest(NULL, Object(Config\Cache), false)
#8 C:\xampp\htdocs\Datamanagement\index.php(37): CodeIgniter\CodeIgniter->run()
#9 {main}
CRITICAL - 2022-01-25 09:22:51 --> Undefined variable $cash
#0 C:\xampp\htdocs\Datamanagement\app\Views\AccountsView.php(95): CodeIgniter\Debug\Exceptions->errorHandler(2, 'Undefined varia...', 'C:\\xampp\\htdocs...', 95)
#1 C:\xampp\htdocs\Datamanagement\system\View\View.php(214): include('C:\\xampp\\htdocs...')
#2 C:\xampp\htdocs\Datamanagement\system\View\View.php(217): CodeIgniter\View\View->CodeIgniter\View\{closure}()
#3 C:\xampp\htdocs\Datamanagement\system\Common.php(1097): CodeIgniter\View\View->render('AccountsView', Array, true)
#4 C:\xampp\htdocs\Datamanagement\app\Controllers\AccountsController.php(47): view('AccountsView')
#5 C:\xampp\htdocs\Datamanagement\system\CodeIgniter.php(824): App\Controllers\AccountsController->store()
#6 C:\xampp\htdocs\Datamanagement\system\CodeIgniter.php(410): CodeIgniter\CodeIgniter->runController(Object(App\Controllers\AccountsController))
#7 C:\xampp\htdocs\Datamanagement\system\CodeIgniter.php(318): CodeIgniter\CodeIgniter->handleRequest(NULL, Object(Config\Cache), false)
#8 C:\xampp\htdocs\Datamanagement\index.php(37): CodeIgniter\CodeIgniter->run()
#9 {main}
CRITICAL - 2022-01-25 09:22:57 --> Undefined variable $cash
#0 C:\xampp\htdocs\Datamanagement\app\Views\AccountsView.php(95): CodeIgniter\Debug\Exceptions->errorHandler(2, 'Undefined varia...', 'C:\\xampp\\htdocs...', 95)
#1 C:\xampp\htdocs\Datamanagement\system\View\View.php(214): include('C:\\xampp\\htdocs...')
#2 C:\xampp\htdocs\Datamanagement\system\View\View.php(217): CodeIgniter\View\View->CodeIgniter\View\{closure}()
#3 C:\xampp\htdocs\Datamanagement\system\Common.php(1097): CodeIgniter\View\View->render('AccountsView', Array, true)
#4 C:\xampp\htdocs\Datamanagement\app\Controllers\AccountsController.php(47): view('AccountsView')
#5 C:\xampp\htdocs\Datamanagement\system\CodeIgniter.php(824): App\Controllers\AccountsController->store()
#6 C:\xampp\htdocs\Datamanagement\system\CodeIgniter.php(410): CodeIgniter\CodeIgniter->runController(Object(App\Controllers\AccountsController))
#7 C:\xampp\htdocs\Datamanagement\system\CodeIgniter.php(318): CodeIgniter\CodeIgniter->handleRequest(NULL, Object(Config\Cache), false)
#8 C:\xampp\htdocs\Datamanagement\index.php(37): CodeIgniter\CodeIgniter->run()
#9 {main}
CRITICAL - 2022-01-25 09:23:04 --> Undefined variable $cash
#0 C:\xampp\htdocs\Datamanagement\app\Views\AccountsView.php(95): CodeIgniter\Debug\Exceptions->errorHandler(2, 'Undefined varia...', 'C:\\xampp\\htdocs...', 95)
#1 C:\xampp\htdocs\Datamanagement\system\View\View.php(214): include('C:\\xampp\\htdocs...')
#2 C:\xampp\htdocs\Datamanagement\system\View\View.php(217): CodeIgniter\View\View->CodeIgniter\View\{closure}()
#3 C:\xampp\htdocs\Datamanagement\system\Common.php(1097): CodeIgniter\View\View->render('AccountsView', Array, true)
#4 C:\xampp\htdocs\Datamanagement\app\Controllers\AccountsController.php(47): view('AccountsView')
#5 C:\xampp\htdocs\Datamanagement\system\CodeIgniter.php(824): App\Controllers\AccountsController->store()
#6 C:\xampp\htdocs\Datamanagement\system\CodeIgniter.php(410): CodeIgniter\CodeIgniter->runController(Object(App\Controllers\AccountsController))
#7 C:\xampp\htdocs\Datamanagement\system\CodeIgniter.php(318): CodeIgniter\CodeIgniter->handleRequest(NULL, Object(Config\Cache), false)
#8 C:\xampp\htdocs\Datamanagement\index.php(37): CodeIgniter\CodeIgniter->run()
#9 {main}
CRITICAL - 2022-01-25 09:23:05 --> Undefined variable $cash
#0 C:\xampp\htdocs\Datamanagement\app\Views\AccountsView.php(95): CodeIgniter\Debug\Exceptions->errorHandler(2, 'Undefined varia...', 'C:\\xampp\\htdocs...', 95)
#1 C:\xampp\htdocs\Datamanagement\system\View\View.php(214): include('C:\\xampp\\htdocs...')
#2 C:\xampp\htdocs\Datamanagement\system\View\View.php(217): CodeIgniter\View\View->CodeIgniter\View\{closure}()
#3 C:\xampp\htdocs\Datamanagement\system\Common.php(1097): CodeIgniter\View\View->render('AccountsView', Array, true)
#4 C:\xampp\htdocs\Datamanagement\app\Controllers\AccountsController.php(47): view('AccountsView')
#5 C:\xampp\htdocs\Datamanagement\system\CodeIgniter.php(824): App\Controllers\AccountsController->store()
#6 C:\xampp\htdocs\Datamanagement\system\CodeIgniter.php(410): CodeIgniter\CodeIgniter->runController(Object(App\Controllers\AccountsController))
#7 C:\xampp\htdocs\Datamanagement\system\CodeIgniter.php(318): CodeIgniter\CodeIgniter->handleRequest(NULL, Object(Config\Cache), false)
#8 C:\xampp\htdocs\Datamanagement\index.php(37): CodeIgniter\CodeIgniter->run()
#9 {main}
CRITICAL - 2022-01-25 09:23:39 --> Undefined variable $cash
#0 C:\xampp\htdocs\Datamanagement\app\Views\AccountsView.php(95): CodeIgniter\Debug\Exceptions->errorHandler(2, 'Undefined varia...', 'C:\\xampp\\htdocs...', 95)
#1 C:\xampp\htdocs\Datamanagement\system\View\View.php(214): include('C:\\xampp\\htdocs...')
#2 C:\xampp\htdocs\Datamanagement\system\View\View.php(217): CodeIgniter\View\View->CodeIgniter\View\{closure}()
#3 C:\xampp\htdocs\Datamanagement\system\Common.php(1097): CodeIgniter\View\View->render('AccountsView', Array, true)
#4 C:\xampp\htdocs\Datamanagement\app\Controllers\AccountsController.php(47): view('AccountsView')
#5 C:\xampp\htdocs\Datamanagement\system\CodeIgniter.php(824): App\Controllers\AccountsController->store()
#6 C:\xampp\htdocs\Datamanagement\system\CodeIgniter.php(410): CodeIgniter\CodeIgniter->runController(Object(App\Controllers\AccountsController))
#7 C:\xampp\htdocs\Datamanagement\system\CodeIgniter.php(318): CodeIgniter\CodeIgniter->handleRequest(NULL, Object(Config\Cache), false)
#8 C:\xampp\htdocs\Datamanagement\index.php(37): CodeIgniter\CodeIgniter->run()
#9 {main}
CRITICAL - 2022-01-25 09:24:21 --> Undefined variable $cash
#0 C:\xampp\htdocs\Datamanagement\app\Views\AccountsView.php(95): CodeIgniter\Debug\Exceptions->errorHandler(2, 'Undefined varia...', 'C:\\xampp\\htdocs...', 95)
#1 C:\xampp\htdocs\Datamanagement\system\View\View.php(214): include('C:\\xampp\\htdocs...')
#2 C:\xampp\htdocs\Datamanagement\system\View\View.php(217): CodeIgniter\View\View->CodeIgniter\View\{closure}()
#3 C:\xampp\htdocs\Datamanagement\system\Common.php(1097): CodeIgniter\View\View->render('AccountsView', Array, true)
#4 C:\xampp\htdocs\Datamanagement\app\Controllers\AccountsController.php(47): view('AccountsView')
#5 C:\xampp\htdocs\Datamanagement\system\CodeIgniter.php(824): App\Controllers\AccountsController->store()
#6 C:\xampp\htdocs\Datamanagement\system\CodeIgniter.php(410): CodeIgniter\CodeIgniter->runController(Object(App\Controllers\AccountsController))
#7 C:\xampp\htdocs\Datamanagement\system\CodeIgniter.php(318): CodeIgniter\CodeIgniter->handleRequest(NULL, Object(Config\Cache), false)
#8 C:\xampp\htdocs\Datamanagement\index.php(37): CodeIgniter\CodeIgniter->run()
#9 {main}
CRITICAL - 2022-01-25 09:24:22 --> Undefined variable $cash
#0 C:\xampp\htdocs\Datamanagement\app\Views\AccountsView.php(95): CodeIgniter\Debug\Exceptions->errorHandler(2, 'Undefined varia...', 'C:\\xampp\\htdocs...', 95)
#1 C:\xampp\htdocs\Datamanagement\system\View\View.php(214): include('C:\\xampp\\htdocs...')
#2 C:\xampp\htdocs\Datamanagement\system\View\View.php(217): CodeIgniter\View\View->CodeIgniter\View\{closure}()
#3 C:\xampp\htdocs\Datamanagement\system\Common.php(1097): CodeIgniter\View\View->render('AccountsView', Array, true)
#4 C:\xampp\htdocs\Datamanagement\app\Controllers\AccountsController.php(47): view('AccountsView')
#5 C:\xampp\htdocs\Datamanagement\system\CodeIgniter.php(824): App\Controllers\AccountsController->store()
#6 C:\xampp\htdocs\Datamanagement\system\CodeIgniter.php(410): CodeIgniter\CodeIgniter->runController(Object(App\Controllers\AccountsController))
#7 C:\xampp\htdocs\Datamanagement\system\CodeIgniter.php(318): CodeIgniter\CodeIgniter->handleRequest(NULL, Object(Config\Cache), false)
#8 C:\xampp\htdocs\Datamanagement\index.php(37): CodeIgniter\CodeIgniter->run()
#9 {main}
CRITICAL - 2022-01-25 09:24:42 --> Undefined variable $cash
#0 C:\xampp\htdocs\Datamanagement\app\Views\AccountsView.php(95): CodeIgniter\Debug\Exceptions->errorHandler(2, 'Undefined varia...', 'C:\\xampp\\htdocs...', 95)
#1 C:\xampp\htdocs\Datamanagement\system\View\View.php(214): include('C:\\xampp\\htdocs...')
#2 C:\xampp\htdocs\Datamanagement\system\View\View.php(217): CodeIgniter\View\View->CodeIgniter\View\{closure}()
#3 C:\xampp\htdocs\Datamanagement\system\Common.php(1097): CodeIgniter\View\View->render('AccountsView', Array, true)
#4 C:\xampp\htdocs\Datamanagement\app\Controllers\AccountsController.php(47): view('AccountsView')
#5 C:\xampp\htdocs\Datamanagement\system\CodeIgniter.php(824): App\Controllers\AccountsController->store()
#6 C:\xampp\htdocs\Datamanagement\system\CodeIgniter.php(410): CodeIgniter\CodeIgniter->runController(Object(App\Controllers\AccountsController))
#7 C:\xampp\htdocs\Datamanagement\system\CodeIgniter.php(318): CodeIgniter\CodeIgniter->handleRequest(NULL, Object(Config\Cache), false)
#8 C:\xampp\htdocs\Datamanagement\index.php(37): CodeIgniter\CodeIgniter->run()
#9 {main}
CRITICAL - 2022-01-25 22:50:05 --> Invalid file: TestView.php
#0 C:\xampp\htdocs\Datamanagement\system\View\View.php(198): CodeIgniter\Exceptions\FrameworkException::forInvalidFile('TestView.php')
#1 C:\xampp\htdocs\Datamanagement\system\Common.php(1097): CodeIgniter\View\View->render('TestView', Array, true)
#2 C:\xampp\htdocs\Datamanagement\app\Controllers\AccountsController.php(25): view('TestView', Array)
#3 C:\xampp\htdocs\Datamanagement\system\CodeIgniter.php(824): App\Controllers\AccountsController->index()
#4 C:\xampp\htdocs\Datamanagement\system\CodeIgniter.php(410): CodeIgniter\CodeIgniter->runController(Object(App\Controllers\AccountsController))
#5 C:\xampp\htdocs\Datamanagement\system\CodeIgniter.php(318): CodeIgniter\CodeIgniter->handleRequest(NULL, Object(Config\Cache), false)
#6 C:\xampp\htdocs\Datamanagement\index.php(37): CodeIgniter\CodeIgniter->run()
#7 {main}
