CRITICAL - 2021-12-21 03:23:34 --> syntax error, unexpected token "return", expecting "function" or "const"
#0 C:\xampp\htdocs\Datamanagement\system\Router\Router.php(176): CodeIgniter\Router\Router->autoRoute('/ProfileControl...')
#1 C:\xampp\htdocs\Datamanagement\system\CodeIgniter.php(718): CodeIgniter\Router\Router->handle('/ProfileControl...')
#2 C:\xampp\htdocs\Datamanagement\system\CodeIgniter.php(359): CodeIgniter\CodeIgniter->tryToRouteIt(Object(CodeIgniter\Router\RouteCollection))
#3 C:\xampp\htdocs\Datamanagement\system\CodeIgniter.php(318): CodeIgniter\CodeIgniter->handleRequest(NULL, Object(Config\Cache), false)
#4 C:\xampp\htdocs\Datamanagement\index.php(37): CodeIgniter\CodeIgniter->run()
#5 {main}
CRITICAL - 2021-12-21 03:24:07 --> syntax error, unexpected token "return", expecting "function" or "const"
#0 C:\xampp\htdocs\Datamanagement\system\Router\Router.php(176): CodeIgniter\Router\Router->autoRoute('/ProfileControl...')
#1 C:\xampp\htdocs\Datamanagement\system\CodeIgniter.php(718): CodeIgniter\Router\Router->handle('/ProfileControl...')
#2 C:\xampp\htdocs\Datamanagement\system\CodeIgniter.php(359): CodeIgniter\CodeIgniter->tryToRouteIt(Object(CodeIgniter\Router\RouteCollection))
#3 C:\xampp\htdocs\Datamanagement\system\CodeIgniter.php(318): CodeIgniter\CodeIgniter->handleRequest(NULL, Object(Config\Cache), false)
#4 C:\xampp\htdocs\Datamanagement\index.php(37): CodeIgniter\CodeIgniter->run()
#5 {main}
CRITICAL - 2021-12-21 03:24:22 --> syntax error, unexpected token "return", expecting "function" or "const"
#0 C:\xampp\htdocs\Datamanagement\system\Router\Router.php(176): CodeIgniter\Router\Router->autoRoute('/ProfileControl...')
#1 C:\xampp\htdocs\Datamanagement\system\CodeIgniter.php(718): CodeIgniter\Router\Router->handle('/ProfileControl...')
#2 C:\xampp\htdocs\Datamanagement\system\CodeIgniter.php(359): CodeIgniter\CodeIgniter->tryToRouteIt(Object(CodeIgniter\Router\RouteCollection))
#3 C:\xampp\htdocs\Datamanagement\system\CodeIgniter.php(318): CodeIgniter\CodeIgniter->handleRequest(NULL, Object(Config\Cache), false)
#4 C:\xampp\htdocs\Datamanagement\index.php(37): CodeIgniter\CodeIgniter->run()
#5 {main}
CRITICAL - 2021-12-21 03:25:28 --> Undefined constant "App\Controllers\this"
#0 C:\xampp\htdocs\Datamanagement\system\CodeIgniter.php(824): App\Controllers\ProfileController->index()
#1 C:\xampp\htdocs\Datamanagement\system\CodeIgniter.php(410): CodeIgniter\CodeIgniter->runController(Object(App\Controllers\ProfileController))
#2 C:\xampp\htdocs\Datamanagement\system\CodeIgniter.php(318): CodeIgniter\CodeIgniter->handleRequest(NULL, Object(Config\Cache), false)
#3 C:\xampp\htdocs\Datamanagement\index.php(37): CodeIgniter\CodeIgniter->run()
#4 {main}
CRITICAL - 2021-12-21 03:25:58 --> CodeIgniter\Validation\Validation::setRules(): Argument #1 ($rules) must be of type array, bool given, called in C:\xampp\htdocs\Datamanagement\system\Controller.php on line 160
#0 C:\xampp\htdocs\Datamanagement\system\Controller.php(160): CodeIgniter\Validation\Validation->setRules(false, Array)
#1 C:\xampp\htdocs\Datamanagement\app\Controllers\ProfileController.php(23): CodeIgniter\Controller->validate(false)
#2 C:\xampp\htdocs\Datamanagement\system\CodeIgniter.php(824): App\Controllers\ProfileController->index()
#3 C:\xampp\htdocs\Datamanagement\system\CodeIgniter.php(410): CodeIgniter\CodeIgniter->runController(Object(App\Controllers\ProfileController))
#4 C:\xampp\htdocs\Datamanagement\system\CodeIgniter.php(318): CodeIgniter\CodeIgniter->handleRequest(NULL, Object(Config\Cache), false)
#5 C:\xampp\htdocs\Datamanagement\index.php(37): CodeIgniter\CodeIgniter->run()
#6 {main}
CRITICAL - 2021-12-21 03:28:50 --> CodeIgniter\Validation\Validation::setRules(): Argument #1 ($rules) must be of type array, bool given, called in C:\xampp\htdocs\Datamanagement\system\Controller.php on line 160
#0 C:\xampp\htdocs\Datamanagement\system\Controller.php(160): CodeIgniter\Validation\Validation->setRules(false, Array)
#1 C:\xampp\htdocs\Datamanagement\app\Controllers\ProfileController.php(23): CodeIgniter\Controller->validate(false)
#2 C:\xampp\htdocs\Datamanagement\system\CodeIgniter.php(824): App\Controllers\ProfileController->index()
#3 C:\xampp\htdocs\Datamanagement\system\CodeIgniter.php(410): CodeIgniter\CodeIgniter->runController(Object(App\Controllers\ProfileController))
#4 C:\xampp\htdocs\Datamanagement\system\CodeIgniter.php(318): CodeIgniter\CodeIgniter->handleRequest(NULL, Object(Config\Cache), false)
#5 C:\xampp\htdocs\Datamanagement\index.php(37): CodeIgniter\CodeIgniter->run()
#6 {main}
CRITICAL - 2021-12-21 03:28:53 --> CodeIgniter\Validation\Validation::setRules(): Argument #1 ($rules) must be of type array, bool given, called in C:\xampp\htdocs\Datamanagement\system\Controller.php on line 160
#0 C:\xampp\htdocs\Datamanagement\system\Controller.php(160): CodeIgniter\Validation\Validation->setRules(false, Array)
#1 C:\xampp\htdocs\Datamanagement\app\Controllers\ProfileController.php(23): CodeIgniter\Controller->validate(false)
#2 C:\xampp\htdocs\Datamanagement\system\CodeIgniter.php(824): App\Controllers\ProfileController->index()
#3 C:\xampp\htdocs\Datamanagement\system\CodeIgniter.php(410): CodeIgniter\CodeIgniter->runController(Object(App\Controllers\ProfileController))
#4 C:\xampp\htdocs\Datamanagement\system\CodeIgniter.php(318): CodeIgniter\CodeIgniter->handleRequest(NULL, Object(Config\Cache), false)
#5 C:\xampp\htdocs\Datamanagement\index.php(37): CodeIgniter\CodeIgniter->run()
#6 {main}
CRITICAL - 2021-12-21 03:39:37 --> CodeIgniter\Validation\Validation::setRules(): Argument #1 ($rules) must be of type array, bool given, called in C:\xampp\htdocs\Datamanagement\system\Controller.php on line 160
#0 C:\xampp\htdocs\Datamanagement\system\Controller.php(160): CodeIgniter\Validation\Validation->setRules(false, Array)
#1 C:\xampp\htdocs\Datamanagement\app\Controllers\ProfileController.php(21): CodeIgniter\Controller->validate(false)
#2 C:\xampp\htdocs\Datamanagement\system\CodeIgniter.php(824): App\Controllers\ProfileController->index()
#3 C:\xampp\htdocs\Datamanagement\system\CodeIgniter.php(410): CodeIgniter\CodeIgniter->runController(Object(App\Controllers\ProfileController))
#4 C:\xampp\htdocs\Datamanagement\system\CodeIgniter.php(318): CodeIgniter\CodeIgniter->handleRequest(NULL, Object(Config\Cache), false)
#5 C:\xampp\htdocs\Datamanagement\index.php(37): CodeIgniter\CodeIgniter->run()
#6 {main}
CRITICAL - 2021-12-21 03:44:40 --> Call to undefined method CodeIgniter\HTTP\Files\UploadedFile::geName()
#0 C:\xampp\htdocs\Datamanagement\system\CodeIgniter.php(824): App\Controllers\ProfileController->index()
#1 C:\xampp\htdocs\Datamanagement\system\CodeIgniter.php(410): CodeIgniter\CodeIgniter->runController(Object(App\Controllers\ProfileController))
#2 C:\xampp\htdocs\Datamanagement\system\CodeIgniter.php(318): CodeIgniter\CodeIgniter->handleRequest(NULL, Object(Config\Cache), false)
#3 C:\xampp\htdocs\Datamanagement\index.php(37): CodeIgniter\CodeIgniter->run()
#4 {main}
CRITICAL - 2021-12-21 03:46:25 --> Undefined array key "countySel"
#0 C:\xampp\htdocs\Datamanagement\app\Controllers\ProfileController.php(27): CodeIgniter\Debug\Exceptions->errorHandler(2, 'Undefined array...', 'C:\\xampp\\htdocs...', 27)
#1 C:\xampp\htdocs\Datamanagement\system\CodeIgniter.php(824): App\Controllers\ProfileController->index()
#2 C:\xampp\htdocs\Datamanagement\system\CodeIgniter.php(410): CodeIgniter\CodeIgniter->runController(Object(App\Controllers\ProfileController))
#3 C:\xampp\htdocs\Datamanagement\system\CodeIgniter.php(318): CodeIgniter\CodeIgniter->handleRequest(NULL, Object(Config\Cache), false)
#4 C:\xampp\htdocs\Datamanagement\index.php(37): CodeIgniter\CodeIgniter->run()
#5 {main}
CRITICAL - 2021-12-21 04:04:22 --> Undefined array key "country"
#0 C:\xampp\htdocs\Datamanagement\app\Controllers\ProfileController.php(27): CodeIgniter\Debug\Exceptions->errorHandler(2, 'Undefined array...', 'C:\\xampp\\htdocs...', 27)
#1 C:\xampp\htdocs\Datamanagement\system\CodeIgniter.php(824): App\Controllers\ProfileController->index()
#2 C:\xampp\htdocs\Datamanagement\system\CodeIgniter.php(410): CodeIgniter\CodeIgniter->runController(Object(App\Controllers\ProfileController))
#3 C:\xampp\htdocs\Datamanagement\system\CodeIgniter.php(318): CodeIgniter\CodeIgniter->handleRequest(NULL, Object(Config\Cache), false)
#4 C:\xampp\htdocs\Datamanagement\index.php(37): CodeIgniter\CodeIgniter->run()
#5 {main}
CRITICAL - 2021-12-21 04:06:35 --> Undefined array key "districtSel"
#0 C:\xampp\htdocs\Datamanagement\app\Controllers\ProfileController.php(28): CodeIgniter\Debug\Exceptions->errorHandler(2, 'Undefined array...', 'C:\\xampp\\htdocs...', 28)
#1 C:\xampp\htdocs\Datamanagement\system\CodeIgniter.php(824): App\Controllers\ProfileController->index()
#2 C:\xampp\htdocs\Datamanagement\system\CodeIgniter.php(410): CodeIgniter\CodeIgniter->runController(Object(App\Controllers\ProfileController))
#3 C:\xampp\htdocs\Datamanagement\system\CodeIgniter.php(318): CodeIgniter\CodeIgniter->handleRequest(NULL, Object(Config\Cache), false)
#4 C:\xampp\htdocs\Datamanagement\index.php(37): CodeIgniter\CodeIgniter->run()
#5 {main}
CRITICAL - 2021-12-21 04:06:35 --> Undefined array key "districtSel"
#0 C:\xampp\htdocs\Datamanagement\app\Controllers\ProfileController.php(28): CodeIgniter\Debug\Exceptions->errorHandler(2, 'Undefined array...', 'C:\\xampp\\htdocs...', 28)
#1 C:\xampp\htdocs\Datamanagement\system\CodeIgniter.php(824): App\Controllers\ProfileController->index()
#2 C:\xampp\htdocs\Datamanagement\system\CodeIgniter.php(410): CodeIgniter\CodeIgniter->runController(Object(App\Controllers\ProfileController))
#3 C:\xampp\htdocs\Datamanagement\system\CodeIgniter.php(318): CodeIgniter\CodeIgniter->handleRequest(NULL, Object(Config\Cache), false)
#4 C:\xampp\htdocs\Datamanagement\index.php(37): CodeIgniter\CodeIgniter->run()
#5 {main}
CRITICAL - 2021-12-21 04:08:12 --> Undefined array key "radio"
#0 C:\xampp\htdocs\Datamanagement\app\Controllers\ProfileController.php(30): CodeIgniter\Debug\Exceptions->errorHandler(2, 'Undefined array...', 'C:\\xampp\\htdocs...', 30)
#1 C:\xampp\htdocs\Datamanagement\system\CodeIgniter.php(824): App\Controllers\ProfileController->index()
#2 C:\xampp\htdocs\Datamanagement\system\CodeIgniter.php(410): CodeIgniter\CodeIgniter->runController(Object(App\Controllers\ProfileController))
#3 C:\xampp\htdocs\Datamanagement\system\CodeIgniter.php(318): CodeIgniter\CodeIgniter->handleRequest(NULL, Object(Config\Cache), false)
#4 C:\xampp\htdocs\Datamanagement\index.php(37): CodeIgniter\CodeIgniter->run()
#5 {main}
CRITICAL - 2021-12-21 04:10:26 --> Undefined array key "believersN"
#0 C:\xampp\htdocs\Datamanagement\app\Controllers\ProfileController.php(31): CodeIgniter\Debug\Exceptions->errorHandler(2, 'Undefined array...', 'C:\\xampp\\htdocs...', 31)
#1 C:\xampp\htdocs\Datamanagement\system\CodeIgniter.php(824): App\Controllers\ProfileController->index()
#2 C:\xampp\htdocs\Datamanagement\system\CodeIgniter.php(410): CodeIgniter\CodeIgniter->runController(Object(App\Controllers\ProfileController))
#3 C:\xampp\htdocs\Datamanagement\system\CodeIgniter.php(318): CodeIgniter\CodeIgniter->handleRequest(NULL, Object(Config\Cache), false)
#4 C:\xampp\htdocs\Datamanagement\index.php(37): CodeIgniter\CodeIgniter->run()
#5 {main}
CRITICAL - 2021-12-21 23:47:31 --> syntax error, unexpected token "return", expecting "function" or "const"
#0 C:\xampp\htdocs\Datamanagement\system\Router\Router.php(176): CodeIgniter\Router\Router->autoRoute('/ProfileControl...')
#1 C:\xampp\htdocs\Datamanagement\system\CodeIgniter.php(718): CodeIgniter\Router\Router->handle('/ProfileControl...')
#2 C:\xampp\htdocs\Datamanagement\system\CodeIgniter.php(359): CodeIgniter\CodeIgniter->tryToRouteIt(Object(CodeIgniter\Router\RouteCollection))
#3 C:\xampp\htdocs\Datamanagement\system\CodeIgniter.php(318): CodeIgniter\CodeIgniter->handleRequest(NULL, Object(Config\Cache), false)
#4 C:\xampp\htdocs\Datamanagement\index.php(37): CodeIgniter\CodeIgniter->run()
#5 {main}
CRITICAL - 2021-12-21 23:48:15 --> syntax error, unexpected token "public"
#0 C:\xampp\htdocs\Datamanagement\system\Router\Router.php(176): CodeIgniter\Router\Router->autoRoute('/ProfileControl...')
#1 C:\xampp\htdocs\Datamanagement\system\CodeIgniter.php(718): CodeIgniter\Router\Router->handle('/ProfileControl...')
#2 C:\xampp\htdocs\Datamanagement\system\CodeIgniter.php(359): CodeIgniter\CodeIgniter->tryToRouteIt(Object(CodeIgniter\Router\RouteCollection))
#3 C:\xampp\htdocs\Datamanagement\system\CodeIgniter.php(318): CodeIgniter\CodeIgniter->handleRequest(NULL, Object(Config\Cache), false)
#4 C:\xampp\htdocs\Datamanagement\index.php(37): CodeIgniter\CodeIgniter->run()
#5 {main}
CRITICAL - 2021-12-21 23:48:22 --> syntax error, unexpected token "public"
#0 C:\xampp\htdocs\Datamanagement\system\Router\Router.php(176): CodeIgniter\Router\Router->autoRoute('/ProfileControl...')
#1 C:\xampp\htdocs\Datamanagement\system\CodeIgniter.php(718): CodeIgniter\Router\Router->handle('/ProfileControl...')
#2 C:\xampp\htdocs\Datamanagement\system\CodeIgniter.php(359): CodeIgniter\CodeIgniter->tryToRouteIt(Object(CodeIgniter\Router\RouteCollection))
#3 C:\xampp\htdocs\Datamanagement\system\CodeIgniter.php(318): CodeIgniter\CodeIgniter->handleRequest(NULL, Object(Config\Cache), false)
#4 C:\xampp\htdocs\Datamanagement\index.php(37): CodeIgniter\CodeIgniter->run()
#5 {main}
CRITICAL - 2021-12-21 23:48:43 --> Undefined array key "church"
#0 C:\xampp\htdocs\Datamanagement\app\Controllers\ProfileController.php(26): CodeIgniter\Debug\Exceptions->errorHandler(2, 'Undefined array...', 'C:\\xampp\\htdocs...', 26)
#1 C:\xampp\htdocs\Datamanagement\system\CodeIgniter.php(824): App\Controllers\ProfileController->index()
#2 C:\xampp\htdocs\Datamanagement\system\CodeIgniter.php(410): CodeIgniter\CodeIgniter->runController(Object(App\Controllers\ProfileController))
#3 C:\xampp\htdocs\Datamanagement\system\CodeIgniter.php(318): CodeIgniter\CodeIgniter->handleRequest(NULL, Object(Config\Cache), false)
#4 C:\xampp\htdocs\Datamanagement\index.php(37): CodeIgniter\CodeIgniter->run()
#5 {main}
CRITICAL - 2021-12-21 23:49:44 --> Undefined array key "church"
#0 C:\xampp\htdocs\Datamanagement\app\Controllers\ProfileController.php(26): CodeIgniter\Debug\Exceptions->errorHandler(2, 'Undefined array...', 'C:\\xampp\\htdocs...', 26)
#1 C:\xampp\htdocs\Datamanagement\system\CodeIgniter.php(824): App\Controllers\ProfileController->index()
#2 C:\xampp\htdocs\Datamanagement\system\CodeIgniter.php(410): CodeIgniter\CodeIgniter->runController(Object(App\Controllers\ProfileController))
#3 C:\xampp\htdocs\Datamanagement\system\CodeIgniter.php(318): CodeIgniter\CodeIgniter->handleRequest(NULL, Object(Config\Cache), false)
#4 C:\xampp\htdocs\Datamanagement\index.php(37): CodeIgniter\CodeIgniter->run()
#5 {main}
CRITICAL - 2021-12-21 23:49:49 --> Undefined array key "church"
#0 C:\xampp\htdocs\Datamanagement\app\Controllers\ProfileController.php(26): CodeIgniter\Debug\Exceptions->errorHandler(2, 'Undefined array...', 'C:\\xampp\\htdocs...', 26)
#1 C:\xampp\htdocs\Datamanagement\system\CodeIgniter.php(824): App\Controllers\ProfileController->index()
#2 C:\xampp\htdocs\Datamanagement\system\CodeIgniter.php(410): CodeIgniter\CodeIgniter->runController(Object(App\Controllers\ProfileController))
#3 C:\xampp\htdocs\Datamanagement\system\CodeIgniter.php(318): CodeIgniter\CodeIgniter->handleRequest(NULL, Object(Config\Cache), false)
#4 C:\xampp\htdocs\Datamanagement\index.php(37): CodeIgniter\CodeIgniter->run()
#5 {main}
CRITICAL - 2021-12-21 23:50:10 --> Undefined array key "church"
#0 C:\xampp\htdocs\Datamanagement\app\Controllers\ProfileController.php(26): CodeIgniter\Debug\Exceptions->errorHandler(2, 'Undefined array...', 'C:\\xampp\\htdocs...', 26)
#1 C:\xampp\htdocs\Datamanagement\system\CodeIgniter.php(824): App\Controllers\ProfileController->index()
#2 C:\xampp\htdocs\Datamanagement\system\CodeIgniter.php(410): CodeIgniter\CodeIgniter->runController(Object(App\Controllers\ProfileController))
#3 C:\xampp\htdocs\Datamanagement\system\CodeIgniter.php(318): CodeIgniter\CodeIgniter->handleRequest(NULL, Object(Config\Cache), false)
#4 C:\xampp\htdocs\Datamanagement\index.php(37): CodeIgniter\CodeIgniter->run()
#5 {main}
CRITICAL - 2021-12-21 23:50:36 --> Undefined array key "church"
#0 C:\xampp\htdocs\Datamanagement\app\Controllers\ProfileController.php(26): CodeIgniter\Debug\Exceptions->errorHandler(2, 'Undefined array...', 'C:\\xampp\\htdocs...', 26)
#1 C:\xampp\htdocs\Datamanagement\system\CodeIgniter.php(824): App\Controllers\ProfileController->index()
#2 C:\xampp\htdocs\Datamanagement\system\CodeIgniter.php(410): CodeIgniter\CodeIgniter->runController(Object(App\Controllers\ProfileController))
#3 C:\xampp\htdocs\Datamanagement\system\CodeIgniter.php(318): CodeIgniter\CodeIgniter->handleRequest(NULL, Object(Config\Cache), false)
#4 C:\xampp\htdocs\Datamanagement\index.php(37): CodeIgniter\CodeIgniter->run()
#5 {main}
CRITICAL - 2021-12-21 23:53:12 --> Undefined array key "church"
#0 C:\xampp\htdocs\Datamanagement\app\Controllers\ProfileController.php(26): CodeIgniter\Debug\Exceptions->errorHandler(2, 'Undefined array...', 'C:\\xampp\\htdocs...', 26)
#1 C:\xampp\htdocs\Datamanagement\system\CodeIgniter.php(824): App\Controllers\ProfileController->index()
#2 C:\xampp\htdocs\Datamanagement\system\CodeIgniter.php(410): CodeIgniter\CodeIgniter->runController(Object(App\Controllers\ProfileController))
#3 C:\xampp\htdocs\Datamanagement\system\CodeIgniter.php(318): CodeIgniter\CodeIgniter->handleRequest(NULL, Object(Config\Cache), false)
#4 C:\xampp\htdocs\Datamanagement\index.php(37): CodeIgniter\CodeIgniter->run()
#5 {main}
CRITICAL - 2021-12-21 23:53:51 --> Undefined array key "church"
#0 C:\xampp\htdocs\Datamanagement\app\Controllers\ProfileController.php(26): CodeIgniter\Debug\Exceptions->errorHandler(2, 'Undefined array...', 'C:\\xampp\\htdocs...', 26)
#1 C:\xampp\htdocs\Datamanagement\system\CodeIgniter.php(824): App\Controllers\ProfileController->index()
#2 C:\xampp\htdocs\Datamanagement\system\CodeIgniter.php(410): CodeIgniter\CodeIgniter->runController(Object(App\Controllers\ProfileController))
#3 C:\xampp\htdocs\Datamanagement\system\CodeIgniter.php(318): CodeIgniter\CodeIgniter->handleRequest(NULL, Object(Config\Cache), false)
#4 C:\xampp\htdocs\Datamanagement\index.php(37): CodeIgniter\CodeIgniter->run()
#5 {main}
CRITICAL - 2021-12-21 23:54:49 --> Undefined array key "city"
#0 C:\xampp\htdocs\Datamanagement\app\Controllers\ProfileController.php(26): CodeIgniter\Debug\Exceptions->errorHandler(2, 'Undefined array...', 'C:\\xampp\\htdocs...', 26)
#1 C:\xampp\htdocs\Datamanagement\system\CodeIgniter.php(824): App\Controllers\ProfileController->index()
#2 C:\xampp\htdocs\Datamanagement\system\CodeIgniter.php(410): CodeIgniter\CodeIgniter->runController(Object(App\Controllers\ProfileController))
#3 C:\xampp\htdocs\Datamanagement\system\CodeIgniter.php(318): CodeIgniter\CodeIgniter->handleRequest(NULL, Object(Config\Cache), false)
#4 C:\xampp\htdocs\Datamanagement\index.php(37): CodeIgniter\CodeIgniter->run()
#5 {main}
CRITICAL - 2021-12-21 23:55:50 --> Undefined array key "church"
#0 C:\xampp\htdocs\Datamanagement\app\Controllers\ProfileController.php(26): CodeIgniter\Debug\Exceptions->errorHandler(2, 'Undefined array...', 'C:\\xampp\\htdocs...', 26)
#1 C:\xampp\htdocs\Datamanagement\system\CodeIgniter.php(824): App\Controllers\ProfileController->index()
#2 C:\xampp\htdocs\Datamanagement\system\CodeIgniter.php(410): CodeIgniter\CodeIgniter->runController(Object(App\Controllers\ProfileController))
#3 C:\xampp\htdocs\Datamanagement\system\CodeIgniter.php(318): CodeIgniter\CodeIgniter->handleRequest(NULL, Object(Config\Cache), false)
#4 C:\xampp\htdocs\Datamanagement\index.php(37): CodeIgniter\CodeIgniter->run()
#5 {main}
CRITICAL - 2021-12-21 23:59:00 --> Undefined array key "church"
#0 C:\xampp\htdocs\Datamanagement\app\Controllers\ProfileController.php(27): CodeIgniter\Debug\Exceptions->errorHandler(2, 'Undefined array...', 'C:\\xampp\\htdocs...', 27)
#1 C:\xampp\htdocs\Datamanagement\system\CodeIgniter.php(824): App\Controllers\ProfileController->index()
#2 C:\xampp\htdocs\Datamanagement\system\CodeIgniter.php(410): CodeIgniter\CodeIgniter->runController(Object(App\Controllers\ProfileController))
#3 C:\xampp\htdocs\Datamanagement\system\CodeIgniter.php(318): CodeIgniter\CodeIgniter->handleRequest(NULL, Object(Config\Cache), false)
#4 C:\xampp\htdocs\Datamanagement\index.php(37): CodeIgniter\CodeIgniter->run()
#5 {main}
