CRITICAL - 2021-12-30 22:23:29 --> Undefined property: App\Controllers\DashboardController::$db
#0 C:\xampp\htdocs\Datamanagement\app\Controllers\DashboardController.php(33): CodeIgniter\Debug\Exceptions->errorHandler(2, 'Undefined prope...', 'C:\\xampp\\htdocs...', 33)
#1 C:\xampp\htdocs\Datamanagement\system\CodeIgniter.php(824): App\Controllers\DashboardController->index()
#2 C:\xampp\htdocs\Datamanagement\system\CodeIgniter.php(410): CodeIgniter\CodeIgniter->runController(Object(App\Controllers\DashboardController))
#3 C:\xampp\htdocs\Datamanagement\system\CodeIgniter.php(318): CodeIgniter\CodeIgniter->handleRequest(NULL, Object(Config\Cache), false)
#4 C:\xampp\htdocs\Datamanagement\index.php(37): CodeIgniter\CodeIgniter->run()
#5 {main}
CRITICAL - 2021-12-30 22:42:14 --> Object of class CodeIgniter\Database\MySQLi\Connection could not be converted to string
#0 C:\xampp\htdocs\Datamanagement\system\CodeIgniter.php(824): App\Controllers\DashboardController->index()
#1 C:\xampp\htdocs\Datamanagement\system\CodeIgniter.php(410): CodeIgniter\CodeIgniter->runController(Object(App\Controllers\DashboardController))
#2 C:\xampp\htdocs\Datamanagement\system\CodeIgniter.php(318): CodeIgniter\CodeIgniter->handleRequest(NULL, Object(Config\Cache), false)
#3 C:\xampp\htdocs\Datamanagement\index.php(37): CodeIgniter\CodeIgniter->run()
#4 {main}
CRITICAL - 2021-12-30 22:42:47 --> Object of class CodeIgniter\Database\MySQLi\Connection could not be converted to string
#0 C:\xampp\htdocs\Datamanagement\system\CodeIgniter.php(824): App\Controllers\DashboardController->index()
#1 C:\xampp\htdocs\Datamanagement\system\CodeIgniter.php(410): CodeIgniter\CodeIgniter->runController(Object(App\Controllers\DashboardController))
#2 C:\xampp\htdocs\Datamanagement\system\CodeIgniter.php(318): CodeIgniter\CodeIgniter->handleRequest(NULL, Object(Config\Cache), false)
#3 C:\xampp\htdocs\Datamanagement\index.php(37): CodeIgniter\CodeIgniter->run()
#4 {main}
CRITICAL - 2021-12-30 22:51:51 --> Object of class CodeIgniter\Database\MySQLi\Result could not be converted to string
#0 C:\xampp\htdocs\Datamanagement\system\CodeIgniter.php(824): App\Controllers\DashboardController->index()
#1 C:\xampp\htdocs\Datamanagement\system\CodeIgniter.php(410): CodeIgniter\CodeIgniter->runController(Object(App\Controllers\DashboardController))
#2 C:\xampp\htdocs\Datamanagement\system\CodeIgniter.php(318): CodeIgniter\CodeIgniter->handleRequest(NULL, Object(Config\Cache), false)
#3 C:\xampp\htdocs\Datamanagement\index.php(37): CodeIgniter\CodeIgniter->run()
#4 {main}
ERROR - 2021-12-30 23:19:05 --> Table 'dbmanage.attendance' doesn't exist
CRITICAL - 2021-12-30 23:19:05 --> Call to undefined function App\Models\getResult()
#0 C:\xampp\htdocs\Datamanagement\app\Controllers\DashboardController.php(40): App\Models\CustomModel->getOccassion()
#1 C:\xampp\htdocs\Datamanagement\system\CodeIgniter.php(824): App\Controllers\DashboardController->index()
#2 C:\xampp\htdocs\Datamanagement\system\CodeIgniter.php(410): CodeIgniter\CodeIgniter->runController(Object(App\Controllers\DashboardController))
#3 C:\xampp\htdocs\Datamanagement\system\CodeIgniter.php(318): CodeIgniter\CodeIgniter->handleRequest(NULL, Object(Config\Cache), false)
#4 C:\xampp\htdocs\Datamanagement\index.php(37): CodeIgniter\CodeIgniter->run()
#5 {main}
ERROR - 2021-12-30 23:19:46 --> Table 'dbmanage.attendance' doesn't exist
CRITICAL - 2021-12-30 23:19:46 --> Call to a member function getResult() on bool
#0 C:\xampp\htdocs\Datamanagement\app\Controllers\DashboardController.php(40): App\Models\CustomModel->getOccassion()
#1 C:\xampp\htdocs\Datamanagement\system\CodeIgniter.php(824): App\Controllers\DashboardController->index()
#2 C:\xampp\htdocs\Datamanagement\system\CodeIgniter.php(410): CodeIgniter\CodeIgniter->runController(Object(App\Controllers\DashboardController))
#3 C:\xampp\htdocs\Datamanagement\system\CodeIgniter.php(318): CodeIgniter\CodeIgniter->handleRequest(NULL, Object(Config\Cache), false)
#4 C:\xampp\htdocs\Datamanagement\index.php(37): CodeIgniter\CodeIgniter->run()
#5 {main}
ERROR - 2021-12-30 23:22:26 --> Table 'dbmanage.attendance' doesn't exist
ERROR - 2021-12-30 23:45:16 --> Table 'dbmanage.attendance' doesn't exist
ERROR - 2021-12-30 23:45:18 --> Table 'dbmanage.attendance' doesn't exist
ERROR - 2021-12-30 23:46:21 --> Table 'dbmanage.attendance' doesn't exist
CRITICAL - 2021-12-30 23:46:21 --> Call to a member function getResult() on bool
#0 C:\xampp\htdocs\Datamanagement\app\Controllers\DashboardController.php(40): App\Models\CustomModel->getOccassion()
#1 C:\xampp\htdocs\Datamanagement\system\CodeIgniter.php(824): App\Controllers\DashboardController->index()
#2 C:\xampp\htdocs\Datamanagement\system\CodeIgniter.php(410): CodeIgniter\CodeIgniter->runController(Object(App\Controllers\DashboardController))
#3 C:\xampp\htdocs\Datamanagement\system\CodeIgniter.php(318): CodeIgniter\CodeIgniter->handleRequest(NULL, Object(Config\Cache), false)
#4 C:\xampp\htdocs\Datamanagement\index.php(37): CodeIgniter\CodeIgniter->run()
#5 {main}
ERROR - 2021-12-30 23:46:35 --> Table 'dbmanage.attendance' doesn't exist
CRITICAL - 2021-12-30 23:46:35 --> Call to a member function getResult() on bool
#0 C:\xampp\htdocs\Datamanagement\app\Controllers\DashboardController.php(40): App\Models\CustomModel->getOccassion()
#1 C:\xampp\htdocs\Datamanagement\system\CodeIgniter.php(824): App\Controllers\DashboardController->index()
#2 C:\xampp\htdocs\Datamanagement\system\CodeIgniter.php(410): CodeIgniter\CodeIgniter->runController(Object(App\Controllers\DashboardController))
#3 C:\xampp\htdocs\Datamanagement\system\CodeIgniter.php(318): CodeIgniter\CodeIgniter->handleRequest(NULL, Object(Config\Cache), false)
#4 C:\xampp\htdocs\Datamanagement\index.php(37): CodeIgniter\CodeIgniter->run()
#5 {main}
ERROR - 2021-12-30 23:49:15 --> Table 'dbmanage.attendance' doesn't exist
CRITICAL - 2021-12-30 23:50:45 --> CodeIgniter\Database\BaseBuilder::get(): Argument #1 ($limit) must be of type ?int, string given, called in C:\xampp\htdocs\Datamanagement\app\Models\CustomModel.php on line 21
#0 C:\xampp\htdocs\Datamanagement\app\Models\CustomModel.php(21): CodeIgniter\Database\BaseBuilder->get('attendance')
#1 C:\xampp\htdocs\Datamanagement\app\Controllers\DashboardController.php(40): App\Models\CustomModel->getOccassion()
#2 C:\xampp\htdocs\Datamanagement\system\CodeIgniter.php(824): App\Controllers\DashboardController->index()
#3 C:\xampp\htdocs\Datamanagement\system\CodeIgniter.php(410): CodeIgniter\CodeIgniter->runController(Object(App\Controllers\DashboardController))
#4 C:\xampp\htdocs\Datamanagement\system\CodeIgniter.php(318): CodeIgniter\CodeIgniter->handleRequest(NULL, Object(Config\Cache), false)
#5 C:\xampp\htdocs\Datamanagement\index.php(37): CodeIgniter\CodeIgniter->run()
#6 {main}
ERROR - 2021-12-30 23:52:30 --> Table 'dbmanage.attendance' doesn't exist
CRITICAL - 2021-12-30 23:56:43 --> Call to undefined method CodeIgniter\Database\MySQLi\Result::get()
#0 C:\xampp\htdocs\Datamanagement\app\Controllers\DashboardController.php(40): App\Models\CustomModel->getOccassion()
#1 C:\xampp\htdocs\Datamanagement\system\CodeIgniter.php(824): App\Controllers\DashboardController->index()
#2 C:\xampp\htdocs\Datamanagement\system\CodeIgniter.php(410): CodeIgniter\CodeIgniter->runController(Object(App\Controllers\DashboardController))
#3 C:\xampp\htdocs\Datamanagement\system\CodeIgniter.php(318): CodeIgniter\CodeIgniter->handleRequest(NULL, Object(Config\Cache), false)
#4 C:\xampp\htdocs\Datamanagement\index.php(37): CodeIgniter\CodeIgniter->run()
#5 {main}
