CRITICAL - 2022-01-02 07:27:19 --> Trying to access array offset on value of type null
#0 C:\xampp\htdocs\Datamanagement\app\Controllers\OrgController.php(62): CodeIgniter\Debug\Exceptions->errorHandler(2, 'Trying to acces...', 'C:\\xampp\\htdocs...', 62)
#1 C:\xampp\htdocs\Datamanagement\system\CodeIgniter.php(824): App\Controllers\OrgController->view(NULL, 'js', 'script.js')
#2 C:\xampp\htdocs\Datamanagement\system\CodeIgniter.php(410): CodeIgniter\CodeIgniter->runController(Object(App\Controllers\OrgController))
#3 C:\xampp\htdocs\Datamanagement\system\CodeIgniter.php(318): CodeIgniter\CodeIgniter->handleRequest(NULL, Object(Config\Cache), false)
#4 C:\xampp\htdocs\Datamanagement\index.php(37): CodeIgniter\CodeIgniter->run()
#5 {main}
CRITICAL - 2022-01-02 07:27:19 --> Trying to access array offset on value of type null
#0 C:\xampp\htdocs\Datamanagement\app\Controllers\OrgController.php(62): CodeIgniter\Debug\Exceptions->errorHandler(2, 'Trying to acces...', 'C:\\xampp\\htdocs...', 62)
#1 C:\xampp\htdocs\Datamanagement\system\CodeIgniter.php(824): App\Controllers\OrgController->view(NULL, 'css', 'style.css')
#2 C:\xampp\htdocs\Datamanagement\system\CodeIgniter.php(410): CodeIgniter\CodeIgniter->runController(Object(App\Controllers\OrgController))
#3 C:\xampp\htdocs\Datamanagement\system\CodeIgniter.php(318): CodeIgniter\CodeIgniter->handleRequest(NULL, Object(Config\Cache), false)
#4 C:\xampp\htdocs\Datamanagement\index.php(37): CodeIgniter\CodeIgniter->run()
#5 {main}
CRITICAL - 2022-01-02 07:27:19 --> Trying to access array offset on value of type null
#0 C:\xampp\htdocs\Datamanagement\app\Controllers\OrgController.php(62): CodeIgniter\Debug\Exceptions->errorHandler(2, 'Trying to acces...', 'C:\\xampp\\htdocs...', 62)
#1 C:\xampp\htdocs\Datamanagement\system\CodeIgniter.php(824): App\Controllers\OrgController->view(NULL, 'css', 'stylesheet.css')
#2 C:\xampp\htdocs\Datamanagement\system\CodeIgniter.php(410): CodeIgniter\CodeIgniter->runController(Object(App\Controllers\OrgController))
#3 C:\xampp\htdocs\Datamanagement\system\CodeIgniter.php(318): CodeIgniter\CodeIgniter->handleRequest(NULL, Object(Config\Cache), false)
#4 C:\xampp\htdocs\Datamanagement\index.php(37): CodeIgniter\CodeIgniter->run()
#5 {main}
CRITICAL - 2022-01-02 07:27:19 --> Trying to access array offset on value of type null
#0 C:\xampp\htdocs\Datamanagement\app\Controllers\OrgController.php(62): CodeIgniter\Debug\Exceptions->errorHandler(2, 'Trying to acces...', 'C:\\xampp\\htdocs...', 62)
#1 C:\xampp\htdocs\Datamanagement\system\CodeIgniter.php(824): App\Controllers\OrgController->view(NULL, 'logo1.png')
#2 C:\xampp\htdocs\Datamanagement\system\CodeIgniter.php(410): CodeIgniter\CodeIgniter->runController(Object(App\Controllers\OrgController))
#3 C:\xampp\htdocs\Datamanagement\system\CodeIgniter.php(318): CodeIgniter\CodeIgniter->handleRequest(NULL, Object(Config\Cache), false)
#4 C:\xampp\htdocs\Datamanagement\index.php(37): CodeIgniter\CodeIgniter->run()
#5 {main}
CRITICAL - 2022-01-02 07:27:19 --> Trying to access array offset on value of type null
#0 C:\xampp\htdocs\Datamanagement\app\Controllers\OrgController.php(62): CodeIgniter\Debug\Exceptions->errorHandler(2, 'Trying to acces...', 'C:\\xampp\\htdocs...', 62)
#1 C:\xampp\htdocs\Datamanagement\system\CodeIgniter.php(824): App\Controllers\OrgController->view(NULL, 'js', 'script.js')
#2 C:\xampp\htdocs\Datamanagement\system\CodeIgniter.php(410): CodeIgniter\CodeIgniter->runController(Object(App\Controllers\OrgController))
#3 C:\xampp\htdocs\Datamanagement\system\CodeIgniter.php(318): CodeIgniter\CodeIgniter->handleRequest(NULL, Object(Config\Cache), false)
#4 C:\xampp\htdocs\Datamanagement\index.php(37): CodeIgniter\CodeIgniter->run()
#5 {main}
CRITICAL - 2022-01-02 07:27:32 --> Trying to access array offset on value of type null
#0 C:\xampp\htdocs\Datamanagement\app\Controllers\OrgController.php(62): CodeIgniter\Debug\Exceptions->errorHandler(2, 'Trying to acces...', 'C:\\xampp\\htdocs...', 62)
#1 C:\xampp\htdocs\Datamanagement\system\CodeIgniter.php(824): App\Controllers\OrgController->view(NULL, 'js', 'script.js')
#2 C:\xampp\htdocs\Datamanagement\system\CodeIgniter.php(410): CodeIgniter\CodeIgniter->runController(Object(App\Controllers\OrgController))
#3 C:\xampp\htdocs\Datamanagement\system\CodeIgniter.php(318): CodeIgniter\CodeIgniter->handleRequest(NULL, Object(Config\Cache), false)
#4 C:\xampp\htdocs\Datamanagement\index.php(37): CodeIgniter\CodeIgniter->run()
#5 {main}
CRITICAL - 2022-01-02 07:27:32 --> Trying to access array offset on value of type null
#0 C:\xampp\htdocs\Datamanagement\app\Controllers\OrgController.php(62): CodeIgniter\Debug\Exceptions->errorHandler(2, 'Trying to acces...', 'C:\\xampp\\htdocs...', 62)
#1 C:\xampp\htdocs\Datamanagement\system\CodeIgniter.php(824): App\Controllers\OrgController->view(NULL, 'css', 'stylesheet.css')
#2 C:\xampp\htdocs\Datamanagement\system\CodeIgniter.php(410): CodeIgniter\CodeIgniter->runController(Object(App\Controllers\OrgController))
#3 C:\xampp\htdocs\Datamanagement\system\CodeIgniter.php(318): CodeIgniter\CodeIgniter->handleRequest(NULL, Object(Config\Cache), false)
#4 C:\xampp\htdocs\Datamanagement\index.php(37): CodeIgniter\CodeIgniter->run()
#5 {main}
CRITICAL - 2022-01-02 07:27:32 --> Trying to access array offset on value of type null
#0 C:\xampp\htdocs\Datamanagement\app\Controllers\OrgController.php(62): CodeIgniter\Debug\Exceptions->errorHandler(2, 'Trying to acces...', 'C:\\xampp\\htdocs...', 62)
#1 C:\xampp\htdocs\Datamanagement\system\CodeIgniter.php(824): App\Controllers\OrgController->view(NULL, 'css', 'style.css')
#2 C:\xampp\htdocs\Datamanagement\system\CodeIgniter.php(410): CodeIgniter\CodeIgniter->runController(Object(App\Controllers\OrgController))
#3 C:\xampp\htdocs\Datamanagement\system\CodeIgniter.php(318): CodeIgniter\CodeIgniter->handleRequest(NULL, Object(Config\Cache), false)
#4 C:\xampp\htdocs\Datamanagement\index.php(37): CodeIgniter\CodeIgniter->run()
#5 {main}
CRITICAL - 2022-01-02 07:27:32 --> Trying to access array offset on value of type null
#0 C:\xampp\htdocs\Datamanagement\app\Controllers\OrgController.php(62): CodeIgniter\Debug\Exceptions->errorHandler(2, 'Trying to acces...', 'C:\\xampp\\htdocs...', 62)
#1 C:\xampp\htdocs\Datamanagement\system\CodeIgniter.php(824): App\Controllers\OrgController->view(NULL, 'logo1.png')
#2 C:\xampp\htdocs\Datamanagement\system\CodeIgniter.php(410): CodeIgniter\CodeIgniter->runController(Object(App\Controllers\OrgController))
#3 C:\xampp\htdocs\Datamanagement\system\CodeIgniter.php(318): CodeIgniter\CodeIgniter->handleRequest(NULL, Object(Config\Cache), false)
#4 C:\xampp\htdocs\Datamanagement\index.php(37): CodeIgniter\CodeIgniter->run()
#5 {main}
CRITICAL - 2022-01-02 07:27:32 --> Trying to access array offset on value of type null
#0 C:\xampp\htdocs\Datamanagement\app\Controllers\OrgController.php(62): CodeIgniter\Debug\Exceptions->errorHandler(2, 'Trying to acces...', 'C:\\xampp\\htdocs...', 62)
#1 C:\xampp\htdocs\Datamanagement\system\CodeIgniter.php(824): App\Controllers\OrgController->view(NULL, 'js', 'script.js')
#2 C:\xampp\htdocs\Datamanagement\system\CodeIgniter.php(410): CodeIgniter\CodeIgniter->runController(Object(App\Controllers\OrgController))
#3 C:\xampp\htdocs\Datamanagement\system\CodeIgniter.php(318): CodeIgniter\CodeIgniter->handleRequest(NULL, Object(Config\Cache), false)
#4 C:\xampp\htdocs\Datamanagement\index.php(37): CodeIgniter\CodeIgniter->run()
#5 {main}
CRITICAL - 2022-01-02 07:28:37 --> Trying to access array offset on value of type null
#0 C:\xampp\htdocs\Datamanagement\app\Controllers\OrgController.php(62): CodeIgniter\Debug\Exceptions->errorHandler(2, 'Trying to acces...', 'C:\\xampp\\htdocs...', 62)
#1 C:\xampp\htdocs\Datamanagement\system\CodeIgniter.php(824): App\Controllers\OrgController->view(NULL, 'js', 'script.js')
#2 C:\xampp\htdocs\Datamanagement\system\CodeIgniter.php(410): CodeIgniter\CodeIgniter->runController(Object(App\Controllers\OrgController))
#3 C:\xampp\htdocs\Datamanagement\system\CodeIgniter.php(318): CodeIgniter\CodeIgniter->handleRequest(NULL, Object(Config\Cache), false)
#4 C:\xampp\htdocs\Datamanagement\index.php(37): CodeIgniter\CodeIgniter->run()
#5 {main}
CRITICAL - 2022-01-02 07:28:37 --> Trying to access array offset on value of type null
#0 C:\xampp\htdocs\Datamanagement\app\Controllers\OrgController.php(62): CodeIgniter\Debug\Exceptions->errorHandler(2, 'Trying to acces...', 'C:\\xampp\\htdocs...', 62)
#1 C:\xampp\htdocs\Datamanagement\system\CodeIgniter.php(824): App\Controllers\OrgController->view(NULL, 'css', 'stylesheet.css')
#2 C:\xampp\htdocs\Datamanagement\system\CodeIgniter.php(410): CodeIgniter\CodeIgniter->runController(Object(App\Controllers\OrgController))
#3 C:\xampp\htdocs\Datamanagement\system\CodeIgniter.php(318): CodeIgniter\CodeIgniter->handleRequest(NULL, Object(Config\Cache), false)
#4 C:\xampp\htdocs\Datamanagement\index.php(37): CodeIgniter\CodeIgniter->run()
#5 {main}
CRITICAL - 2022-01-02 07:28:37 --> Trying to access array offset on value of type null
#0 C:\xampp\htdocs\Datamanagement\app\Controllers\OrgController.php(62): CodeIgniter\Debug\Exceptions->errorHandler(2, 'Trying to acces...', 'C:\\xampp\\htdocs...', 62)
#1 C:\xampp\htdocs\Datamanagement\system\CodeIgniter.php(824): App\Controllers\OrgController->view(NULL, 'css', 'style.css')
#2 C:\xampp\htdocs\Datamanagement\system\CodeIgniter.php(410): CodeIgniter\CodeIgniter->runController(Object(App\Controllers\OrgController))
#3 C:\xampp\htdocs\Datamanagement\system\CodeIgniter.php(318): CodeIgniter\CodeIgniter->handleRequest(NULL, Object(Config\Cache), false)
#4 C:\xampp\htdocs\Datamanagement\index.php(37): CodeIgniter\CodeIgniter->run()
#5 {main}
CRITICAL - 2022-01-02 07:28:37 --> Trying to access array offset on value of type null
#0 C:\xampp\htdocs\Datamanagement\app\Controllers\OrgController.php(62): CodeIgniter\Debug\Exceptions->errorHandler(2, 'Trying to acces...', 'C:\\xampp\\htdocs...', 62)
#1 C:\xampp\htdocs\Datamanagement\system\CodeIgniter.php(824): App\Controllers\OrgController->view(NULL, 'logo1.png')
#2 C:\xampp\htdocs\Datamanagement\system\CodeIgniter.php(410): CodeIgniter\CodeIgniter->runController(Object(App\Controllers\OrgController))
#3 C:\xampp\htdocs\Datamanagement\system\CodeIgniter.php(318): CodeIgniter\CodeIgniter->handleRequest(NULL, Object(Config\Cache), false)
#4 C:\xampp\htdocs\Datamanagement\index.php(37): CodeIgniter\CodeIgniter->run()
#5 {main}
CRITICAL - 2022-01-02 07:28:38 --> Trying to access array offset on value of type null
#0 C:\xampp\htdocs\Datamanagement\app\Controllers\OrgController.php(62): CodeIgniter\Debug\Exceptions->errorHandler(2, 'Trying to acces...', 'C:\\xampp\\htdocs...', 62)
#1 C:\xampp\htdocs\Datamanagement\system\CodeIgniter.php(824): App\Controllers\OrgController->view(NULL, 'js', 'script.js')
#2 C:\xampp\htdocs\Datamanagement\system\CodeIgniter.php(410): CodeIgniter\CodeIgniter->runController(Object(App\Controllers\OrgController))
#3 C:\xampp\htdocs\Datamanagement\system\CodeIgniter.php(318): CodeIgniter\CodeIgniter->handleRequest(NULL, Object(Config\Cache), false)
#4 C:\xampp\htdocs\Datamanagement\index.php(37): CodeIgniter\CodeIgniter->run()
#5 {main}
CRITICAL - 2022-01-02 07:29:34 --> Trying to access array offset on value of type null
#0 C:\xampp\htdocs\Datamanagement\app\Controllers\OrgController.php(62): CodeIgniter\Debug\Exceptions->errorHandler(2, 'Trying to acces...', 'C:\\xampp\\htdocs...', 62)
#1 C:\xampp\htdocs\Datamanagement\system\CodeIgniter.php(824): App\Controllers\OrgController->view(NULL, 'css', 'stylesheet.css')
#2 C:\xampp\htdocs\Datamanagement\system\CodeIgniter.php(410): CodeIgniter\CodeIgniter->runController(Object(App\Controllers\OrgController))
#3 C:\xampp\htdocs\Datamanagement\system\CodeIgniter.php(318): CodeIgniter\CodeIgniter->handleRequest(NULL, Object(Config\Cache), false)
#4 C:\xampp\htdocs\Datamanagement\index.php(37): CodeIgniter\CodeIgniter->run()
#5 {main}
CRITICAL - 2022-01-02 07:29:34 --> Trying to access array offset on value of type null
#0 C:\xampp\htdocs\Datamanagement\app\Controllers\OrgController.php(62): CodeIgniter\Debug\Exceptions->errorHandler(2, 'Trying to acces...', 'C:\\xampp\\htdocs...', 62)
#1 C:\xampp\htdocs\Datamanagement\system\CodeIgniter.php(824): App\Controllers\OrgController->view(NULL, 'js', 'script.js')
#2 C:\xampp\htdocs\Datamanagement\system\CodeIgniter.php(410): CodeIgniter\CodeIgniter->runController(Object(App\Controllers\OrgController))
#3 C:\xampp\htdocs\Datamanagement\system\CodeIgniter.php(318): CodeIgniter\CodeIgniter->handleRequest(NULL, Object(Config\Cache), false)
#4 C:\xampp\htdocs\Datamanagement\index.php(37): CodeIgniter\CodeIgniter->run()
#5 {main}
CRITICAL - 2022-01-02 07:29:34 --> Trying to access array offset on value of type null
#0 C:\xampp\htdocs\Datamanagement\app\Controllers\OrgController.php(62): CodeIgniter\Debug\Exceptions->errorHandler(2, 'Trying to acces...', 'C:\\xampp\\htdocs...', 62)
#1 C:\xampp\htdocs\Datamanagement\system\CodeIgniter.php(824): App\Controllers\OrgController->view(NULL, 'css', 'style.css')
#2 C:\xampp\htdocs\Datamanagement\system\CodeIgniter.php(410): CodeIgniter\CodeIgniter->runController(Object(App\Controllers\OrgController))
#3 C:\xampp\htdocs\Datamanagement\system\CodeIgniter.php(318): CodeIgniter\CodeIgniter->handleRequest(NULL, Object(Config\Cache), false)
#4 C:\xampp\htdocs\Datamanagement\index.php(37): CodeIgniter\CodeIgniter->run()
#5 {main}
CRITICAL - 2022-01-02 07:29:34 --> Trying to access array offset on value of type null
#0 C:\xampp\htdocs\Datamanagement\app\Controllers\OrgController.php(62): CodeIgniter\Debug\Exceptions->errorHandler(2, 'Trying to acces...', 'C:\\xampp\\htdocs...', 62)
#1 C:\xampp\htdocs\Datamanagement\system\CodeIgniter.php(824): App\Controllers\OrgController->view(NULL, 'logo1.png')
#2 C:\xampp\htdocs\Datamanagement\system\CodeIgniter.php(410): CodeIgniter\CodeIgniter->runController(Object(App\Controllers\OrgController))
#3 C:\xampp\htdocs\Datamanagement\system\CodeIgniter.php(318): CodeIgniter\CodeIgniter->handleRequest(NULL, Object(Config\Cache), false)
#4 C:\xampp\htdocs\Datamanagement\index.php(37): CodeIgniter\CodeIgniter->run()
#5 {main}
CRITICAL - 2022-01-02 07:29:34 --> Trying to access array offset on value of type null
#0 C:\xampp\htdocs\Datamanagement\app\Controllers\OrgController.php(62): CodeIgniter\Debug\Exceptions->errorHandler(2, 'Trying to acces...', 'C:\\xampp\\htdocs...', 62)
#1 C:\xampp\htdocs\Datamanagement\system\CodeIgniter.php(824): App\Controllers\OrgController->view(NULL, 'js', 'script.js')
#2 C:\xampp\htdocs\Datamanagement\system\CodeIgniter.php(410): CodeIgniter\CodeIgniter->runController(Object(App\Controllers\OrgController))
#3 C:\xampp\htdocs\Datamanagement\system\CodeIgniter.php(318): CodeIgniter\CodeIgniter->handleRequest(NULL, Object(Config\Cache), false)
#4 C:\xampp\htdocs\Datamanagement\index.php(37): CodeIgniter\CodeIgniter->run()
#5 {main}
CRITICAL - 2022-01-02 07:37:10 --> Trying to access array offset on value of type null
#0 C:\xampp\htdocs\Datamanagement\app\Controllers\OrgController.php(62): CodeIgniter\Debug\Exceptions->errorHandler(2, 'Trying to acces...', 'C:\\xampp\\htdocs...', 62)
#1 C:\xampp\htdocs\Datamanagement\system\CodeIgniter.php(824): App\Controllers\OrgController->view(NULL, 'css', 'style.css')
#2 C:\xampp\htdocs\Datamanagement\system\CodeIgniter.php(410): CodeIgniter\CodeIgniter->runController(Object(App\Controllers\OrgController))
#3 C:\xampp\htdocs\Datamanagement\system\CodeIgniter.php(318): CodeIgniter\CodeIgniter->handleRequest(NULL, Object(Config\Cache), false)
#4 C:\xampp\htdocs\Datamanagement\index.php(37): CodeIgniter\CodeIgniter->run()
#5 {main}
CRITICAL - 2022-01-02 07:37:10 --> Trying to access array offset on value of type null
#0 C:\xampp\htdocs\Datamanagement\app\Controllers\OrgController.php(62): CodeIgniter\Debug\Exceptions->errorHandler(2, 'Trying to acces...', 'C:\\xampp\\htdocs...', 62)
#1 C:\xampp\htdocs\Datamanagement\system\CodeIgniter.php(824): App\Controllers\OrgController->view(NULL, 'css', 'stylesheet.css')
#2 C:\xampp\htdocs\Datamanagement\system\CodeIgniter.php(410): CodeIgniter\CodeIgniter->runController(Object(App\Controllers\OrgController))
#3 C:\xampp\htdocs\Datamanagement\system\CodeIgniter.php(318): CodeIgniter\CodeIgniter->handleRequest(NULL, Object(Config\Cache), false)
#4 C:\xampp\htdocs\Datamanagement\index.php(37): CodeIgniter\CodeIgniter->run()
#5 {main}
CRITICAL - 2022-01-02 07:37:10 --> Trying to access array offset on value of type null
#0 C:\xampp\htdocs\Datamanagement\app\Controllers\OrgController.php(62): CodeIgniter\Debug\Exceptions->errorHandler(2, 'Trying to acces...', 'C:\\xampp\\htdocs...', 62)
#1 C:\xampp\htdocs\Datamanagement\system\CodeIgniter.php(824): App\Controllers\OrgController->view(NULL, 'js', 'script.js')
#2 C:\xampp\htdocs\Datamanagement\system\CodeIgniter.php(410): CodeIgniter\CodeIgniter->runController(Object(App\Controllers\OrgController))
#3 C:\xampp\htdocs\Datamanagement\system\CodeIgniter.php(318): CodeIgniter\CodeIgniter->handleRequest(NULL, Object(Config\Cache), false)
#4 C:\xampp\htdocs\Datamanagement\index.php(37): CodeIgniter\CodeIgniter->run()
#5 {main}
CRITICAL - 2022-01-02 07:37:11 --> Trying to access array offset on value of type null
#0 C:\xampp\htdocs\Datamanagement\app\Controllers\OrgController.php(62): CodeIgniter\Debug\Exceptions->errorHandler(2, 'Trying to acces...', 'C:\\xampp\\htdocs...', 62)
#1 C:\xampp\htdocs\Datamanagement\system\CodeIgniter.php(824): App\Controllers\OrgController->view(NULL, 'logo1.png')
#2 C:\xampp\htdocs\Datamanagement\system\CodeIgniter.php(410): CodeIgniter\CodeIgniter->runController(Object(App\Controllers\OrgController))
#3 C:\xampp\htdocs\Datamanagement\system\CodeIgniter.php(318): CodeIgniter\CodeIgniter->handleRequest(NULL, Object(Config\Cache), false)
#4 C:\xampp\htdocs\Datamanagement\index.php(37): CodeIgniter\CodeIgniter->run()
#5 {main}
CRITICAL - 2022-01-02 08:16:49 --> Trying to access array offset on value of type null
#0 C:\xampp\htdocs\Datamanagement\app\Controllers\OrgController.php(62): CodeIgniter\Debug\Exceptions->errorHandler(2, 'Trying to acces...', 'C:\\xampp\\htdocs...', 62)
#1 C:\xampp\htdocs\Datamanagement\system\CodeIgniter.php(824): App\Controllers\OrgController->view(NULL, 'css', 'stylesheet.css')
#2 C:\xampp\htdocs\Datamanagement\system\CodeIgniter.php(410): CodeIgniter\CodeIgniter->runController(Object(App\Controllers\OrgController))
#3 C:\xampp\htdocs\Datamanagement\system\CodeIgniter.php(318): CodeIgniter\CodeIgniter->handleRequest(NULL, Object(Config\Cache), false)
#4 C:\xampp\htdocs\Datamanagement\index.php(37): CodeIgniter\CodeIgniter->run()
#5 {main}
CRITICAL - 2022-01-02 08:16:49 --> Trying to access array offset on value of type null
#0 C:\xampp\htdocs\Datamanagement\app\Controllers\OrgController.php(62): CodeIgniter\Debug\Exceptions->errorHandler(2, 'Trying to acces...', 'C:\\xampp\\htdocs...', 62)
#1 C:\xampp\htdocs\Datamanagement\system\CodeIgniter.php(824): App\Controllers\OrgController->view(NULL, 'css', 'style.css')
#2 C:\xampp\htdocs\Datamanagement\system\CodeIgniter.php(410): CodeIgniter\CodeIgniter->runController(Object(App\Controllers\OrgController))
#3 C:\xampp\htdocs\Datamanagement\system\CodeIgniter.php(318): CodeIgniter\CodeIgniter->handleRequest(NULL, Object(Config\Cache), false)
#4 C:\xampp\htdocs\Datamanagement\index.php(37): CodeIgniter\CodeIgniter->run()
#5 {main}
CRITICAL - 2022-01-02 08:16:49 --> Trying to access array offset on value of type null
#0 C:\xampp\htdocs\Datamanagement\app\Controllers\OrgController.php(62): CodeIgniter\Debug\Exceptions->errorHandler(2, 'Trying to acces...', 'C:\\xampp\\htdocs...', 62)
#1 C:\xampp\htdocs\Datamanagement\system\CodeIgniter.php(824): App\Controllers\OrgController->view(NULL, 'js', 'script.js')
#2 C:\xampp\htdocs\Datamanagement\system\CodeIgniter.php(410): CodeIgniter\CodeIgniter->runController(Object(App\Controllers\OrgController))
#3 C:\xampp\htdocs\Datamanagement\system\CodeIgniter.php(318): CodeIgniter\CodeIgniter->handleRequest(NULL, Object(Config\Cache), false)
#4 C:\xampp\htdocs\Datamanagement\index.php(37): CodeIgniter\CodeIgniter->run()
#5 {main}
CRITICAL - 2022-01-02 08:16:49 --> Trying to access array offset on value of type null
#0 C:\xampp\htdocs\Datamanagement\app\Controllers\OrgController.php(62): CodeIgniter\Debug\Exceptions->errorHandler(2, 'Trying to acces...', 'C:\\xampp\\htdocs...', 62)
#1 C:\xampp\htdocs\Datamanagement\system\CodeIgniter.php(824): App\Controllers\OrgController->view(NULL, 'logo1.png')
#2 C:\xampp\htdocs\Datamanagement\system\CodeIgniter.php(410): CodeIgniter\CodeIgniter->runController(Object(App\Controllers\OrgController))
#3 C:\xampp\htdocs\Datamanagement\system\CodeIgniter.php(318): CodeIgniter\CodeIgniter->handleRequest(NULL, Object(Config\Cache), false)
#4 C:\xampp\htdocs\Datamanagement\index.php(37): CodeIgniter\CodeIgniter->run()
#5 {main}
CRITICAL - 2022-01-02 08:16:49 --> Trying to access array offset on value of type null
#0 C:\xampp\htdocs\Datamanagement\app\Controllers\OrgController.php(62): CodeIgniter\Debug\Exceptions->errorHandler(2, 'Trying to acces...', 'C:\\xampp\\htdocs...', 62)
#1 C:\xampp\htdocs\Datamanagement\system\CodeIgniter.php(824): App\Controllers\OrgController->view(NULL, 'js', 'script.js')
#2 C:\xampp\htdocs\Datamanagement\system\CodeIgniter.php(410): CodeIgniter\CodeIgniter->runController(Object(App\Controllers\OrgController))
#3 C:\xampp\htdocs\Datamanagement\system\CodeIgniter.php(318): CodeIgniter\CodeIgniter->handleRequest(NULL, Object(Config\Cache), false)
#4 C:\xampp\htdocs\Datamanagement\index.php(37): CodeIgniter\CodeIgniter->run()
#5 {main}
CRITICAL - 2022-01-02 08:16:50 --> Trying to access array offset on value of type null
#0 C:\xampp\htdocs\Datamanagement\app\Controllers\OrgController.php(62): CodeIgniter\Debug\Exceptions->errorHandler(2, 'Trying to acces...', 'C:\\xampp\\htdocs...', 62)
#1 C:\xampp\htdocs\Datamanagement\system\CodeIgniter.php(824): App\Controllers\OrgController->view(NULL, 'view.png')
#2 C:\xampp\htdocs\Datamanagement\system\CodeIgniter.php(410): CodeIgniter\CodeIgniter->runController(Object(App\Controllers\OrgController))
#3 C:\xampp\htdocs\Datamanagement\system\CodeIgniter.php(318): CodeIgniter\CodeIgniter->handleRequest(NULL, Object(Config\Cache), false)
#4 C:\xampp\htdocs\Datamanagement\index.php(37): CodeIgniter\CodeIgniter->run()
#5 {main}
CRITICAL - 2022-01-02 08:18:42 --> Trying to access array offset on value of type null
#0 C:\xampp\htdocs\Datamanagement\app\Controllers\OrgController.php(62): CodeIgniter\Debug\Exceptions->errorHandler(2, 'Trying to acces...', 'C:\\xampp\\htdocs...', 62)
#1 C:\xampp\htdocs\Datamanagement\system\CodeIgniter.php(824): App\Controllers\OrgController->view(NULL, 'css', 'style.css')
#2 C:\xampp\htdocs\Datamanagement\system\CodeIgniter.php(410): CodeIgniter\CodeIgniter->runController(Object(App\Controllers\OrgController))
#3 C:\xampp\htdocs\Datamanagement\system\CodeIgniter.php(318): CodeIgniter\CodeIgniter->handleRequest(NULL, Object(Config\Cache), false)
#4 C:\xampp\htdocs\Datamanagement\index.php(37): CodeIgniter\CodeIgniter->run()
#5 {main}
CRITICAL - 2022-01-02 08:18:42 --> Trying to access array offset on value of type null
#0 C:\xampp\htdocs\Datamanagement\app\Controllers\OrgController.php(62): CodeIgniter\Debug\Exceptions->errorHandler(2, 'Trying to acces...', 'C:\\xampp\\htdocs...', 62)
#1 C:\xampp\htdocs\Datamanagement\system\CodeIgniter.php(824): App\Controllers\OrgController->view(NULL, 'css', 'stylesheet.css')
#2 C:\xampp\htdocs\Datamanagement\system\CodeIgniter.php(410): CodeIgniter\CodeIgniter->runController(Object(App\Controllers\OrgController))
#3 C:\xampp\htdocs\Datamanagement\system\CodeIgniter.php(318): CodeIgniter\CodeIgniter->handleRequest(NULL, Object(Config\Cache), false)
#4 C:\xampp\htdocs\Datamanagement\index.php(37): CodeIgniter\CodeIgniter->run()
#5 {main}
CRITICAL - 2022-01-02 08:18:42 --> Trying to access array offset on value of type null
#0 C:\xampp\htdocs\Datamanagement\app\Controllers\OrgController.php(62): CodeIgniter\Debug\Exceptions->errorHandler(2, 'Trying to acces...', 'C:\\xampp\\htdocs...', 62)
#1 C:\xampp\htdocs\Datamanagement\system\CodeIgniter.php(824): App\Controllers\OrgController->view(NULL, 'js', 'script.js')
#2 C:\xampp\htdocs\Datamanagement\system\CodeIgniter.php(410): CodeIgniter\CodeIgniter->runController(Object(App\Controllers\OrgController))
#3 C:\xampp\htdocs\Datamanagement\system\CodeIgniter.php(318): CodeIgniter\CodeIgniter->handleRequest(NULL, Object(Config\Cache), false)
#4 C:\xampp\htdocs\Datamanagement\index.php(37): CodeIgniter\CodeIgniter->run()
#5 {main}
CRITICAL - 2022-01-02 08:18:42 --> Trying to access array offset on value of type null
#0 C:\xampp\htdocs\Datamanagement\app\Controllers\OrgController.php(62): CodeIgniter\Debug\Exceptions->errorHandler(2, 'Trying to acces...', 'C:\\xampp\\htdocs...', 62)
#1 C:\xampp\htdocs\Datamanagement\system\CodeIgniter.php(824): App\Controllers\OrgController->view(NULL, 'logo1.png')
#2 C:\xampp\htdocs\Datamanagement\system\CodeIgniter.php(410): CodeIgniter\CodeIgniter->runController(Object(App\Controllers\OrgController))
#3 C:\xampp\htdocs\Datamanagement\system\CodeIgniter.php(318): CodeIgniter\CodeIgniter->handleRequest(NULL, Object(Config\Cache), false)
#4 C:\xampp\htdocs\Datamanagement\index.php(37): CodeIgniter\CodeIgniter->run()
#5 {main}
CRITICAL - 2022-01-02 08:18:42 --> Trying to access array offset on value of type null
#0 C:\xampp\htdocs\Datamanagement\app\Controllers\OrgController.php(62): CodeIgniter\Debug\Exceptions->errorHandler(2, 'Trying to acces...', 'C:\\xampp\\htdocs...', 62)
#1 C:\xampp\htdocs\Datamanagement\system\CodeIgniter.php(824): App\Controllers\OrgController->view(NULL, 'view.png')
#2 C:\xampp\htdocs\Datamanagement\system\CodeIgniter.php(410): CodeIgniter\CodeIgniter->runController(Object(App\Controllers\OrgController))
#3 C:\xampp\htdocs\Datamanagement\system\CodeIgniter.php(318): CodeIgniter\CodeIgniter->handleRequest(NULL, Object(Config\Cache), false)
#4 C:\xampp\htdocs\Datamanagement\index.php(37): CodeIgniter\CodeIgniter->run()
#5 {main}
CRITICAL - 2022-01-02 08:18:51 --> Trying to access array offset on value of type null
#0 C:\xampp\htdocs\Datamanagement\app\Controllers\OrgController.php(62): CodeIgniter\Debug\Exceptions->errorHandler(2, 'Trying to acces...', 'C:\\xampp\\htdocs...', 62)
#1 C:\xampp\htdocs\Datamanagement\system\CodeIgniter.php(824): App\Controllers\OrgController->view(NULL, 'css', 'style.css')
#2 C:\xampp\htdocs\Datamanagement\system\CodeIgniter.php(410): CodeIgniter\CodeIgniter->runController(Object(App\Controllers\OrgController))
#3 C:\xampp\htdocs\Datamanagement\system\CodeIgniter.php(318): CodeIgniter\CodeIgniter->handleRequest(NULL, Object(Config\Cache), false)
#4 C:\xampp\htdocs\Datamanagement\index.php(37): CodeIgniter\CodeIgniter->run()
#5 {main}
CRITICAL - 2022-01-02 08:18:51 --> Trying to access array offset on value of type null
#0 C:\xampp\htdocs\Datamanagement\app\Controllers\OrgController.php(62): CodeIgniter\Debug\Exceptions->errorHandler(2, 'Trying to acces...', 'C:\\xampp\\htdocs...', 62)
#1 C:\xampp\htdocs\Datamanagement\system\CodeIgniter.php(824): App\Controllers\OrgController->view(NULL, 'js', 'script.js')
#2 C:\xampp\htdocs\Datamanagement\system\CodeIgniter.php(410): CodeIgniter\CodeIgniter->runController(Object(App\Controllers\OrgController))
#3 C:\xampp\htdocs\Datamanagement\system\CodeIgniter.php(318): CodeIgniter\CodeIgniter->handleRequest(NULL, Object(Config\Cache), false)
#4 C:\xampp\htdocs\Datamanagement\index.php(37): CodeIgniter\CodeIgniter->run()
#5 {main}
CRITICAL - 2022-01-02 08:18:51 --> Trying to access array offset on value of type null
#0 C:\xampp\htdocs\Datamanagement\app\Controllers\OrgController.php(62): CodeIgniter\Debug\Exceptions->errorHandler(2, 'Trying to acces...', 'C:\\xampp\\htdocs...', 62)
#1 C:\xampp\htdocs\Datamanagement\system\CodeIgniter.php(824): App\Controllers\OrgController->view(NULL, 'css', 'stylesheet.css')
#2 C:\xampp\htdocs\Datamanagement\system\CodeIgniter.php(410): CodeIgniter\CodeIgniter->runController(Object(App\Controllers\OrgController))
#3 C:\xampp\htdocs\Datamanagement\system\CodeIgniter.php(318): CodeIgniter\CodeIgniter->handleRequest(NULL, Object(Config\Cache), false)
#4 C:\xampp\htdocs\Datamanagement\index.php(37): CodeIgniter\CodeIgniter->run()
#5 {main}
CRITICAL - 2022-01-02 08:18:51 --> Trying to access array offset on value of type null
#0 C:\xampp\htdocs\Datamanagement\app\Controllers\OrgController.php(62): CodeIgniter\Debug\Exceptions->errorHandler(2, 'Trying to acces...', 'C:\\xampp\\htdocs...', 62)
#1 C:\xampp\htdocs\Datamanagement\system\CodeIgniter.php(824): App\Controllers\OrgController->view(NULL, 'logo1.png')
#2 C:\xampp\htdocs\Datamanagement\system\CodeIgniter.php(410): CodeIgniter\CodeIgniter->runController(Object(App\Controllers\OrgController))
#3 C:\xampp\htdocs\Datamanagement\system\CodeIgniter.php(318): CodeIgniter\CodeIgniter->handleRequest(NULL, Object(Config\Cache), false)
#4 C:\xampp\htdocs\Datamanagement\index.php(37): CodeIgniter\CodeIgniter->run()
#5 {main}
CRITICAL - 2022-01-02 08:18:51 --> Trying to access array offset on value of type null
#0 C:\xampp\htdocs\Datamanagement\app\Controllers\OrgController.php(62): CodeIgniter\Debug\Exceptions->errorHandler(2, 'Trying to acces...', 'C:\\xampp\\htdocs...', 62)
#1 C:\xampp\htdocs\Datamanagement\system\CodeIgniter.php(824): App\Controllers\OrgController->view(NULL, 'js', 'script.js')
#2 C:\xampp\htdocs\Datamanagement\system\CodeIgniter.php(410): CodeIgniter\CodeIgniter->runController(Object(App\Controllers\OrgController))
#3 C:\xampp\htdocs\Datamanagement\system\CodeIgniter.php(318): CodeIgniter\CodeIgniter->handleRequest(NULL, Object(Config\Cache), false)
#4 C:\xampp\htdocs\Datamanagement\index.php(37): CodeIgniter\CodeIgniter->run()
#5 {main}
CRITICAL - 2022-01-02 08:18:52 --> Trying to access array offset on value of type null
#0 C:\xampp\htdocs\Datamanagement\app\Controllers\OrgController.php(62): CodeIgniter\Debug\Exceptions->errorHandler(2, 'Trying to acces...', 'C:\\xampp\\htdocs...', 62)
#1 C:\xampp\htdocs\Datamanagement\system\CodeIgniter.php(824): App\Controllers\OrgController->view(NULL, 'view.png')
#2 C:\xampp\htdocs\Datamanagement\system\CodeIgniter.php(410): CodeIgniter\CodeIgniter->runController(Object(App\Controllers\OrgController))
#3 C:\xampp\htdocs\Datamanagement\system\CodeIgniter.php(318): CodeIgniter\CodeIgniter->handleRequest(NULL, Object(Config\Cache), false)
#4 C:\xampp\htdocs\Datamanagement\index.php(37): CodeIgniter\CodeIgniter->run()
#5 {main}
CRITICAL - 2022-01-02 08:20:16 --> Trying to access array offset on value of type null
#0 C:\xampp\htdocs\Datamanagement\app\Controllers\OrgController.php(62): CodeIgniter\Debug\Exceptions->errorHandler(2, 'Trying to acces...', 'C:\\xampp\\htdocs...', 62)
#1 C:\xampp\htdocs\Datamanagement\system\CodeIgniter.php(824): App\Controllers\OrgController->view(NULL, 'css', 'stylesheet.css')
#2 C:\xampp\htdocs\Datamanagement\system\CodeIgniter.php(410): CodeIgniter\CodeIgniter->runController(Object(App\Controllers\OrgController))
#3 C:\xampp\htdocs\Datamanagement\system\CodeIgniter.php(318): CodeIgniter\CodeIgniter->handleRequest(NULL, Object(Config\Cache), false)
#4 C:\xampp\htdocs\Datamanagement\index.php(37): CodeIgniter\CodeIgniter->run()
#5 {main}
CRITICAL - 2022-01-02 08:20:16 --> Trying to access array offset on value of type null
#0 C:\xampp\htdocs\Datamanagement\app\Controllers\OrgController.php(62): CodeIgniter\Debug\Exceptions->errorHandler(2, 'Trying to acces...', 'C:\\xampp\\htdocs...', 62)
#1 C:\xampp\htdocs\Datamanagement\system\CodeIgniter.php(824): App\Controllers\OrgController->view(NULL, 'css', 'style.css')
#2 C:\xampp\htdocs\Datamanagement\system\CodeIgniter.php(410): CodeIgniter\CodeIgniter->runController(Object(App\Controllers\OrgController))
#3 C:\xampp\htdocs\Datamanagement\system\CodeIgniter.php(318): CodeIgniter\CodeIgniter->handleRequest(NULL, Object(Config\Cache), false)
#4 C:\xampp\htdocs\Datamanagement\index.php(37): CodeIgniter\CodeIgniter->run()
#5 {main}
CRITICAL - 2022-01-02 08:20:16 --> Trying to access array offset on value of type null
#0 C:\xampp\htdocs\Datamanagement\app\Controllers\OrgController.php(62): CodeIgniter\Debug\Exceptions->errorHandler(2, 'Trying to acces...', 'C:\\xampp\\htdocs...', 62)
#1 C:\xampp\htdocs\Datamanagement\system\CodeIgniter.php(824): App\Controllers\OrgController->view(NULL, 'js', 'script.js')
#2 C:\xampp\htdocs\Datamanagement\system\CodeIgniter.php(410): CodeIgniter\CodeIgniter->runController(Object(App\Controllers\OrgController))
#3 C:\xampp\htdocs\Datamanagement\system\CodeIgniter.php(318): CodeIgniter\CodeIgniter->handleRequest(NULL, Object(Config\Cache), false)
#4 C:\xampp\htdocs\Datamanagement\index.php(37): CodeIgniter\CodeIgniter->run()
#5 {main}
CRITICAL - 2022-01-02 08:20:16 --> Trying to access array offset on value of type null
#0 C:\xampp\htdocs\Datamanagement\app\Controllers\OrgController.php(62): CodeIgniter\Debug\Exceptions->errorHandler(2, 'Trying to acces...', 'C:\\xampp\\htdocs...', 62)
#1 C:\xampp\htdocs\Datamanagement\system\CodeIgniter.php(824): App\Controllers\OrgController->view(NULL, 'logo1.png')
#2 C:\xampp\htdocs\Datamanagement\system\CodeIgniter.php(410): CodeIgniter\CodeIgniter->runController(Object(App\Controllers\OrgController))
#3 C:\xampp\htdocs\Datamanagement\system\CodeIgniter.php(318): CodeIgniter\CodeIgniter->handleRequest(NULL, Object(Config\Cache), false)
#4 C:\xampp\htdocs\Datamanagement\index.php(37): CodeIgniter\CodeIgniter->run()
#5 {main}
CRITICAL - 2022-01-02 08:20:16 --> Trying to access array offset on value of type null
#0 C:\xampp\htdocs\Datamanagement\app\Controllers\OrgController.php(62): CodeIgniter\Debug\Exceptions->errorHandler(2, 'Trying to acces...', 'C:\\xampp\\htdocs...', 62)
#1 C:\xampp\htdocs\Datamanagement\system\CodeIgniter.php(824): App\Controllers\OrgController->view(NULL, 'view.png')
#2 C:\xampp\htdocs\Datamanagement\system\CodeIgniter.php(410): CodeIgniter\CodeIgniter->runController(Object(App\Controllers\OrgController))
#3 C:\xampp\htdocs\Datamanagement\system\CodeIgniter.php(318): CodeIgniter\CodeIgniter->handleRequest(NULL, Object(Config\Cache), false)
#4 C:\xampp\htdocs\Datamanagement\index.php(37): CodeIgniter\CodeIgniter->run()
#5 {main}
CRITICAL - 2022-01-02 08:20:16 --> Trying to access array offset on value of type null
#0 C:\xampp\htdocs\Datamanagement\app\Controllers\OrgController.php(62): CodeIgniter\Debug\Exceptions->errorHandler(2, 'Trying to acces...', 'C:\\xampp\\htdocs...', 62)
#1 C:\xampp\htdocs\Datamanagement\system\CodeIgniter.php(824): App\Controllers\OrgController->view(NULL, 'js', 'script.js')
#2 C:\xampp\htdocs\Datamanagement\system\CodeIgniter.php(410): CodeIgniter\CodeIgniter->runController(Object(App\Controllers\OrgController))
#3 C:\xampp\htdocs\Datamanagement\system\CodeIgniter.php(318): CodeIgniter\CodeIgniter->handleRequest(NULL, Object(Config\Cache), false)
#4 C:\xampp\htdocs\Datamanagement\index.php(37): CodeIgniter\CodeIgniter->run()
#5 {main}
CRITICAL - 2022-01-02 08:20:16 --> Trying to access array offset on value of type null
#0 C:\xampp\htdocs\Datamanagement\app\Controllers\OrgController.php(62): CodeIgniter\Debug\Exceptions->errorHandler(2, 'Trying to acces...', 'C:\\xampp\\htdocs...', 62)
#1 C:\xampp\htdocs\Datamanagement\system\CodeIgniter.php(824): App\Controllers\OrgController->view(NULL, 'delete.png')
#2 C:\xampp\htdocs\Datamanagement\system\CodeIgniter.php(410): CodeIgniter\CodeIgniter->runController(Object(App\Controllers\OrgController))
#3 C:\xampp\htdocs\Datamanagement\system\CodeIgniter.php(318): CodeIgniter\CodeIgniter->handleRequest(NULL, Object(Config\Cache), false)
#4 C:\xampp\htdocs\Datamanagement\index.php(37): CodeIgniter\CodeIgniter->run()
#5 {main}
CRITICAL - 2022-01-02 08:20:16 --> Trying to access array offset on value of type null
#0 C:\xampp\htdocs\Datamanagement\app\Controllers\OrgController.php(62): CodeIgniter\Debug\Exceptions->errorHandler(2, 'Trying to acces...', 'C:\\xampp\\htdocs...', 62)
#1 C:\xampp\htdocs\Datamanagement\system\CodeIgniter.php(824): App\Controllers\OrgController->view(NULL, 'view.png')
#2 C:\xampp\htdocs\Datamanagement\system\CodeIgniter.php(410): CodeIgniter\CodeIgniter->runController(Object(App\Controllers\OrgController))
#3 C:\xampp\htdocs\Datamanagement\system\CodeIgniter.php(318): CodeIgniter\CodeIgniter->handleRequest(NULL, Object(Config\Cache), false)
#4 C:\xampp\htdocs\Datamanagement\index.php(37): CodeIgniter\CodeIgniter->run()
#5 {main}
CRITICAL - 2022-01-02 08:20:23 --> Trying to access array offset on value of type null
#0 C:\xampp\htdocs\Datamanagement\app\Controllers\OrgController.php(62): CodeIgniter\Debug\Exceptions->errorHandler(2, 'Trying to acces...', 'C:\\xampp\\htdocs...', 62)
#1 C:\xampp\htdocs\Datamanagement\system\CodeIgniter.php(824): App\Controllers\OrgController->view(NULL, 'css', 'stylesheet.css')
#2 C:\xampp\htdocs\Datamanagement\system\CodeIgniter.php(410): CodeIgniter\CodeIgniter->runController(Object(App\Controllers\OrgController))
#3 C:\xampp\htdocs\Datamanagement\system\CodeIgniter.php(318): CodeIgniter\CodeIgniter->handleRequest(NULL, Object(Config\Cache), false)
#4 C:\xampp\htdocs\Datamanagement\index.php(37): CodeIgniter\CodeIgniter->run()
#5 {main}
CRITICAL - 2022-01-02 08:20:23 --> Trying to access array offset on value of type null
#0 C:\xampp\htdocs\Datamanagement\app\Controllers\OrgController.php(62): CodeIgniter\Debug\Exceptions->errorHandler(2, 'Trying to acces...', 'C:\\xampp\\htdocs...', 62)
#1 C:\xampp\htdocs\Datamanagement\system\CodeIgniter.php(824): App\Controllers\OrgController->view(NULL, 'js', 'script.js')
#2 C:\xampp\htdocs\Datamanagement\system\CodeIgniter.php(410): CodeIgniter\CodeIgniter->runController(Object(App\Controllers\OrgController))
#3 C:\xampp\htdocs\Datamanagement\system\CodeIgniter.php(318): CodeIgniter\CodeIgniter->handleRequest(NULL, Object(Config\Cache), false)
#4 C:\xampp\htdocs\Datamanagement\index.php(37): CodeIgniter\CodeIgniter->run()
#5 {main}
CRITICAL - 2022-01-02 08:20:23 --> Trying to access array offset on value of type null
#0 C:\xampp\htdocs\Datamanagement\app\Controllers\OrgController.php(62): CodeIgniter\Debug\Exceptions->errorHandler(2, 'Trying to acces...', 'C:\\xampp\\htdocs...', 62)
#1 C:\xampp\htdocs\Datamanagement\system\CodeIgniter.php(824): App\Controllers\OrgController->view(NULL, 'css', 'style.css')
#2 C:\xampp\htdocs\Datamanagement\system\CodeIgniter.php(410): CodeIgniter\CodeIgniter->runController(Object(App\Controllers\OrgController))
#3 C:\xampp\htdocs\Datamanagement\system\CodeIgniter.php(318): CodeIgniter\CodeIgniter->handleRequest(NULL, Object(Config\Cache), false)
#4 C:\xampp\htdocs\Datamanagement\index.php(37): CodeIgniter\CodeIgniter->run()
#5 {main}
CRITICAL - 2022-01-02 08:20:23 --> Trying to access array offset on value of type null
#0 C:\xampp\htdocs\Datamanagement\app\Controllers\OrgController.php(62): CodeIgniter\Debug\Exceptions->errorHandler(2, 'Trying to acces...', 'C:\\xampp\\htdocs...', 62)
#1 C:\xampp\htdocs\Datamanagement\system\CodeIgniter.php(824): App\Controllers\OrgController->view(NULL, 'logo1.png')
#2 C:\xampp\htdocs\Datamanagement\system\CodeIgniter.php(410): CodeIgniter\CodeIgniter->runController(Object(App\Controllers\OrgController))
#3 C:\xampp\htdocs\Datamanagement\system\CodeIgniter.php(318): CodeIgniter\CodeIgniter->handleRequest(NULL, Object(Config\Cache), false)
#4 C:\xampp\htdocs\Datamanagement\index.php(37): CodeIgniter\CodeIgniter->run()
#5 {main}
CRITICAL - 2022-01-02 08:20:23 --> Trying to access array offset on value of type null
#0 C:\xampp\htdocs\Datamanagement\app\Controllers\OrgController.php(62): CodeIgniter\Debug\Exceptions->errorHandler(2, 'Trying to acces...', 'C:\\xampp\\htdocs...', 62)
#1 C:\xampp\htdocs\Datamanagement\system\CodeIgniter.php(824): App\Controllers\OrgController->view(NULL, 'view.png')
#2 C:\xampp\htdocs\Datamanagement\system\CodeIgniter.php(410): CodeIgniter\CodeIgniter->runController(Object(App\Controllers\OrgController))
#3 C:\xampp\htdocs\Datamanagement\system\CodeIgniter.php(318): CodeIgniter\CodeIgniter->handleRequest(NULL, Object(Config\Cache), false)
#4 C:\xampp\htdocs\Datamanagement\index.php(37): CodeIgniter\CodeIgniter->run()
#5 {main}
CRITICAL - 2022-01-02 08:20:23 --> Trying to access array offset on value of type null
#0 C:\xampp\htdocs\Datamanagement\app\Controllers\OrgController.php(62): CodeIgniter\Debug\Exceptions->errorHandler(2, 'Trying to acces...', 'C:\\xampp\\htdocs...', 62)
#1 C:\xampp\htdocs\Datamanagement\system\CodeIgniter.php(824): App\Controllers\OrgController->view(NULL, 'js', 'script.js')
#2 C:\xampp\htdocs\Datamanagement\system\CodeIgniter.php(410): CodeIgniter\CodeIgniter->runController(Object(App\Controllers\OrgController))
#3 C:\xampp\htdocs\Datamanagement\system\CodeIgniter.php(318): CodeIgniter\CodeIgniter->handleRequest(NULL, Object(Config\Cache), false)
#4 C:\xampp\htdocs\Datamanagement\index.php(37): CodeIgniter\CodeIgniter->run()
#5 {main}
CRITICAL - 2022-01-02 08:20:23 --> Trying to access array offset on value of type null
#0 C:\xampp\htdocs\Datamanagement\app\Controllers\OrgController.php(62): CodeIgniter\Debug\Exceptions->errorHandler(2, 'Trying to acces...', 'C:\\xampp\\htdocs...', 62)
#1 C:\xampp\htdocs\Datamanagement\system\CodeIgniter.php(824): App\Controllers\OrgController->view(NULL, 'delete.png')
#2 C:\xampp\htdocs\Datamanagement\system\CodeIgniter.php(410): CodeIgniter\CodeIgniter->runController(Object(App\Controllers\OrgController))
#3 C:\xampp\htdocs\Datamanagement\system\CodeIgniter.php(318): CodeIgniter\CodeIgniter->handleRequest(NULL, Object(Config\Cache), false)
#4 C:\xampp\htdocs\Datamanagement\index.php(37): CodeIgniter\CodeIgniter->run()
#5 {main}
CRITICAL - 2022-01-02 08:20:23 --> Trying to access array offset on value of type null
#0 C:\xampp\htdocs\Datamanagement\app\Controllers\OrgController.php(62): CodeIgniter\Debug\Exceptions->errorHandler(2, 'Trying to acces...', 'C:\\xampp\\htdocs...', 62)
#1 C:\xampp\htdocs\Datamanagement\system\CodeIgniter.php(824): App\Controllers\OrgController->view(NULL, 'view.png')
#2 C:\xampp\htdocs\Datamanagement\system\CodeIgniter.php(410): CodeIgniter\CodeIgniter->runController(Object(App\Controllers\OrgController))
#3 C:\xampp\htdocs\Datamanagement\system\CodeIgniter.php(318): CodeIgniter\CodeIgniter->handleRequest(NULL, Object(Config\Cache), false)
#4 C:\xampp\htdocs\Datamanagement\index.php(37): CodeIgniter\CodeIgniter->run()
#5 {main}
CRITICAL - 2022-01-02 08:20:36 --> Trying to access array offset on value of type null
#0 C:\xampp\htdocs\Datamanagement\app\Controllers\OrgController.php(62): CodeIgniter\Debug\Exceptions->errorHandler(2, 'Trying to acces...', 'C:\\xampp\\htdocs...', 62)
#1 C:\xampp\htdocs\Datamanagement\system\CodeIgniter.php(824): App\Controllers\OrgController->view(NULL, 'js', 'script.js')
#2 C:\xampp\htdocs\Datamanagement\system\CodeIgniter.php(410): CodeIgniter\CodeIgniter->runController(Object(App\Controllers\OrgController))
#3 C:\xampp\htdocs\Datamanagement\system\CodeIgniter.php(318): CodeIgniter\CodeIgniter->handleRequest(NULL, Object(Config\Cache), false)
#4 C:\xampp\htdocs\Datamanagement\index.php(37): CodeIgniter\CodeIgniter->run()
#5 {main}
CRITICAL - 2022-01-02 08:20:36 --> Trying to access array offset on value of type null
#0 C:\xampp\htdocs\Datamanagement\app\Controllers\OrgController.php(62): CodeIgniter\Debug\Exceptions->errorHandler(2, 'Trying to acces...', 'C:\\xampp\\htdocs...', 62)
#1 C:\xampp\htdocs\Datamanagement\system\CodeIgniter.php(824): App\Controllers\OrgController->view(NULL, 'css', 'style.css')
#2 C:\xampp\htdocs\Datamanagement\system\CodeIgniter.php(410): CodeIgniter\CodeIgniter->runController(Object(App\Controllers\OrgController))
#3 C:\xampp\htdocs\Datamanagement\system\CodeIgniter.php(318): CodeIgniter\CodeIgniter->handleRequest(NULL, Object(Config\Cache), false)
#4 C:\xampp\htdocs\Datamanagement\index.php(37): CodeIgniter\CodeIgniter->run()
#5 {main}
CRITICAL - 2022-01-02 08:20:36 --> Trying to access array offset on value of type null
#0 C:\xampp\htdocs\Datamanagement\app\Controllers\OrgController.php(62): CodeIgniter\Debug\Exceptions->errorHandler(2, 'Trying to acces...', 'C:\\xampp\\htdocs...', 62)
#1 C:\xampp\htdocs\Datamanagement\system\CodeIgniter.php(824): App\Controllers\OrgController->view(NULL, 'css', 'stylesheet.css')
#2 C:\xampp\htdocs\Datamanagement\system\CodeIgniter.php(410): CodeIgniter\CodeIgniter->runController(Object(App\Controllers\OrgController))
#3 C:\xampp\htdocs\Datamanagement\system\CodeIgniter.php(318): CodeIgniter\CodeIgniter->handleRequest(NULL, Object(Config\Cache), false)
#4 C:\xampp\htdocs\Datamanagement\index.php(37): CodeIgniter\CodeIgniter->run()
#5 {main}
CRITICAL - 2022-01-02 08:20:36 --> Trying to access array offset on value of type null
#0 C:\xampp\htdocs\Datamanagement\app\Controllers\OrgController.php(62): CodeIgniter\Debug\Exceptions->errorHandler(2, 'Trying to acces...', 'C:\\xampp\\htdocs...', 62)
#1 C:\xampp\htdocs\Datamanagement\system\CodeIgniter.php(824): App\Controllers\OrgController->view(NULL, 'logo1.png')
#2 C:\xampp\htdocs\Datamanagement\system\CodeIgniter.php(410): CodeIgniter\CodeIgniter->runController(Object(App\Controllers\OrgController))
#3 C:\xampp\htdocs\Datamanagement\system\CodeIgniter.php(318): CodeIgniter\CodeIgniter->handleRequest(NULL, Object(Config\Cache), false)
#4 C:\xampp\htdocs\Datamanagement\index.php(37): CodeIgniter\CodeIgniter->run()
#5 {main}
CRITICAL - 2022-01-02 08:20:36 --> Trying to access array offset on value of type null
#0 C:\xampp\htdocs\Datamanagement\app\Controllers\OrgController.php(62): CodeIgniter\Debug\Exceptions->errorHandler(2, 'Trying to acces...', 'C:\\xampp\\htdocs...', 62)
#1 C:\xampp\htdocs\Datamanagement\system\CodeIgniter.php(824): App\Controllers\OrgController->view(NULL, 'view.png')
#2 C:\xampp\htdocs\Datamanagement\system\CodeIgniter.php(410): CodeIgniter\CodeIgniter->runController(Object(App\Controllers\OrgController))
#3 C:\xampp\htdocs\Datamanagement\system\CodeIgniter.php(318): CodeIgniter\CodeIgniter->handleRequest(NULL, Object(Config\Cache), false)
#4 C:\xampp\htdocs\Datamanagement\index.php(37): CodeIgniter\CodeIgniter->run()
#5 {main}
CRITICAL - 2022-01-02 08:20:36 --> Trying to access array offset on value of type null
#0 C:\xampp\htdocs\Datamanagement\app\Controllers\OrgController.php(62): CodeIgniter\Debug\Exceptions->errorHandler(2, 'Trying to acces...', 'C:\\xampp\\htdocs...', 62)
#1 C:\xampp\htdocs\Datamanagement\system\CodeIgniter.php(824): App\Controllers\OrgController->view(NULL, 'js', 'script.js')
#2 C:\xampp\htdocs\Datamanagement\system\CodeIgniter.php(410): CodeIgniter\CodeIgniter->runController(Object(App\Controllers\OrgController))
#3 C:\xampp\htdocs\Datamanagement\system\CodeIgniter.php(318): CodeIgniter\CodeIgniter->handleRequest(NULL, Object(Config\Cache), false)
#4 C:\xampp\htdocs\Datamanagement\index.php(37): CodeIgniter\CodeIgniter->run()
#5 {main}
CRITICAL - 2022-01-02 08:20:37 --> Trying to access array offset on value of type null
#0 C:\xampp\htdocs\Datamanagement\app\Controllers\OrgController.php(62): CodeIgniter\Debug\Exceptions->errorHandler(2, 'Trying to acces...', 'C:\\xampp\\htdocs...', 62)
#1 C:\xampp\htdocs\Datamanagement\system\CodeIgniter.php(824): App\Controllers\OrgController->view(NULL, 'delete.png')
#2 C:\xampp\htdocs\Datamanagement\system\CodeIgniter.php(410): CodeIgniter\CodeIgniter->runController(Object(App\Controllers\OrgController))
#3 C:\xampp\htdocs\Datamanagement\system\CodeIgniter.php(318): CodeIgniter\CodeIgniter->handleRequest(NULL, Object(Config\Cache), false)
#4 C:\xampp\htdocs\Datamanagement\index.php(37): CodeIgniter\CodeIgniter->run()
#5 {main}
CRITICAL - 2022-01-02 08:20:37 --> Trying to access array offset on value of type null
#0 C:\xampp\htdocs\Datamanagement\app\Controllers\OrgController.php(62): CodeIgniter\Debug\Exceptions->errorHandler(2, 'Trying to acces...', 'C:\\xampp\\htdocs...', 62)
#1 C:\xampp\htdocs\Datamanagement\system\CodeIgniter.php(824): App\Controllers\OrgController->view(NULL, 'view.png')
#2 C:\xampp\htdocs\Datamanagement\system\CodeIgniter.php(410): CodeIgniter\CodeIgniter->runController(Object(App\Controllers\OrgController))
#3 C:\xampp\htdocs\Datamanagement\system\CodeIgniter.php(318): CodeIgniter\CodeIgniter->handleRequest(NULL, Object(Config\Cache), false)
#4 C:\xampp\htdocs\Datamanagement\index.php(37): CodeIgniter\CodeIgniter->run()
#5 {main}
CRITICAL - 2022-01-02 08:21:04 --> Trying to access array offset on value of type null
#0 C:\xampp\htdocs\Datamanagement\app\Controllers\OrgController.php(62): CodeIgniter\Debug\Exceptions->errorHandler(2, 'Trying to acces...', 'C:\\xampp\\htdocs...', 62)
#1 C:\xampp\htdocs\Datamanagement\system\CodeIgniter.php(824): App\Controllers\OrgController->view(NULL, 'js', 'script.js')
#2 C:\xampp\htdocs\Datamanagement\system\CodeIgniter.php(410): CodeIgniter\CodeIgniter->runController(Object(App\Controllers\OrgController))
#3 C:\xampp\htdocs\Datamanagement\system\CodeIgniter.php(318): CodeIgniter\CodeIgniter->handleRequest(NULL, Object(Config\Cache), false)
#4 C:\xampp\htdocs\Datamanagement\index.php(37): CodeIgniter\CodeIgniter->run()
#5 {main}
CRITICAL - 2022-01-02 08:21:04 --> Trying to access array offset on value of type null
#0 C:\xampp\htdocs\Datamanagement\app\Controllers\OrgController.php(62): CodeIgniter\Debug\Exceptions->errorHandler(2, 'Trying to acces...', 'C:\\xampp\\htdocs...', 62)
#1 C:\xampp\htdocs\Datamanagement\system\CodeIgniter.php(824): App\Controllers\OrgController->view(NULL, 'css', 'style.css')
#2 C:\xampp\htdocs\Datamanagement\system\CodeIgniter.php(410): CodeIgniter\CodeIgniter->runController(Object(App\Controllers\OrgController))
#3 C:\xampp\htdocs\Datamanagement\system\CodeIgniter.php(318): CodeIgniter\CodeIgniter->handleRequest(NULL, Object(Config\Cache), false)
#4 C:\xampp\htdocs\Datamanagement\index.php(37): CodeIgniter\CodeIgniter->run()
#5 {main}
CRITICAL - 2022-01-02 08:21:04 --> Trying to access array offset on value of type null
#0 C:\xampp\htdocs\Datamanagement\app\Controllers\OrgController.php(62): CodeIgniter\Debug\Exceptions->errorHandler(2, 'Trying to acces...', 'C:\\xampp\\htdocs...', 62)
#1 C:\xampp\htdocs\Datamanagement\system\CodeIgniter.php(824): App\Controllers\OrgController->view(NULL, 'css', 'stylesheet.css')
#2 C:\xampp\htdocs\Datamanagement\system\CodeIgniter.php(410): CodeIgniter\CodeIgniter->runController(Object(App\Controllers\OrgController))
#3 C:\xampp\htdocs\Datamanagement\system\CodeIgniter.php(318): CodeIgniter\CodeIgniter->handleRequest(NULL, Object(Config\Cache), false)
#4 C:\xampp\htdocs\Datamanagement\index.php(37): CodeIgniter\CodeIgniter->run()
#5 {main}
CRITICAL - 2022-01-02 08:21:04 --> Trying to access array offset on value of type null
#0 C:\xampp\htdocs\Datamanagement\app\Controllers\OrgController.php(62): CodeIgniter\Debug\Exceptions->errorHandler(2, 'Trying to acces...', 'C:\\xampp\\htdocs...', 62)
#1 C:\xampp\htdocs\Datamanagement\system\CodeIgniter.php(824): App\Controllers\OrgController->view(NULL, 'logo1.png')
#2 C:\xampp\htdocs\Datamanagement\system\CodeIgniter.php(410): CodeIgniter\CodeIgniter->runController(Object(App\Controllers\OrgController))
#3 C:\xampp\htdocs\Datamanagement\system\CodeIgniter.php(318): CodeIgniter\CodeIgniter->handleRequest(NULL, Object(Config\Cache), false)
#4 C:\xampp\htdocs\Datamanagement\index.php(37): CodeIgniter\CodeIgniter->run()
#5 {main}
CRITICAL - 2022-01-02 08:21:04 --> Trying to access array offset on value of type null
#0 C:\xampp\htdocs\Datamanagement\app\Controllers\OrgController.php(62): CodeIgniter\Debug\Exceptions->errorHandler(2, 'Trying to acces...', 'C:\\xampp\\htdocs...', 62)
#1 C:\xampp\htdocs\Datamanagement\system\CodeIgniter.php(824): App\Controllers\OrgController->view(NULL, 'js', 'script.js')
#2 C:\xampp\htdocs\Datamanagement\system\CodeIgniter.php(410): CodeIgniter\CodeIgniter->runController(Object(App\Controllers\OrgController))
#3 C:\xampp\htdocs\Datamanagement\system\CodeIgniter.php(318): CodeIgniter\CodeIgniter->handleRequest(NULL, Object(Config\Cache), false)
#4 C:\xampp\htdocs\Datamanagement\index.php(37): CodeIgniter\CodeIgniter->run()
#5 {main}
CRITICAL - 2022-01-02 08:21:04 --> Trying to access array offset on value of type null
#0 C:\xampp\htdocs\Datamanagement\app\Controllers\OrgController.php(62): CodeIgniter\Debug\Exceptions->errorHandler(2, 'Trying to acces...', 'C:\\xampp\\htdocs...', 62)
#1 C:\xampp\htdocs\Datamanagement\system\CodeIgniter.php(824): App\Controllers\OrgController->view(NULL, 'view.png')
#2 C:\xampp\htdocs\Datamanagement\system\CodeIgniter.php(410): CodeIgniter\CodeIgniter->runController(Object(App\Controllers\OrgController))
#3 C:\xampp\htdocs\Datamanagement\system\CodeIgniter.php(318): CodeIgniter\CodeIgniter->handleRequest(NULL, Object(Config\Cache), false)
#4 C:\xampp\htdocs\Datamanagement\index.php(37): CodeIgniter\CodeIgniter->run()
#5 {main}
CRITICAL - 2022-01-02 08:21:04 --> Trying to access array offset on value of type null
#0 C:\xampp\htdocs\Datamanagement\app\Controllers\OrgController.php(62): CodeIgniter\Debug\Exceptions->errorHandler(2, 'Trying to acces...', 'C:\\xampp\\htdocs...', 62)
#1 C:\xampp\htdocs\Datamanagement\system\CodeIgniter.php(824): App\Controllers\OrgController->view(NULL, 'delete.png')
#2 C:\xampp\htdocs\Datamanagement\system\CodeIgniter.php(410): CodeIgniter\CodeIgniter->runController(Object(App\Controllers\OrgController))
#3 C:\xampp\htdocs\Datamanagement\system\CodeIgniter.php(318): CodeIgniter\CodeIgniter->handleRequest(NULL, Object(Config\Cache), false)
#4 C:\xampp\htdocs\Datamanagement\index.php(37): CodeIgniter\CodeIgniter->run()
#5 {main}
