ERROR - 2021-12-01 22:37:35 --> Duplicate entry 'chijithjerin2004@gmail.com' for key 'user_name'
CRITICAL - 2021-12-01 23:02:31 --> Class "App\Controllers\LoginModel" not found
#0 C:\xampp\htdocs\Weblog\system\CodeIgniter.php(801): App\Controllers\LoginController->__construct()
#1 C:\xampp\htdocs\Weblog\system\CodeIgniter.php(401): CodeIgniter\CodeIgniter->createController()
#2 C:\xampp\htdocs\Weblog\system\CodeIgniter.php(318): CodeIgniter\CodeIgniter->handleRequest(NULL, Object(Config\Cache), false)
#3 C:\xampp\htdocs\Weblog\index.php(37): CodeIgniter\CodeIgniter->run()
#4 {main}
CRITICAL - 2021-12-01 23:03:15 --> Class "App\Controllers\SignupModel" not found
#0 C:\xampp\htdocs\Weblog\system\CodeIgniter.php(801): App\Controllers\LoginController->__construct()
#1 C:\xampp\htdocs\Weblog\system\CodeIgniter.php(401): CodeIgniter\CodeIgniter->createController()
#2 C:\xampp\htdocs\Weblog\system\CodeIgniter.php(318): CodeIgniter\CodeIgniter->handleRequest(NULL, Object(Config\Cache), false)
#3 C:\xampp\htdocs\Weblog\index.php(37): CodeIgniter\CodeIgniter->run()
#4 {main}
CRITICAL - 2021-12-01 23:13:09 --> Undefined property: App\Controllers\LoginController::$session
#0 C:\xampp\htdocs\Weblog\app\Controllers\LoginController.php(25): CodeIgniter\Debug\Exceptions->errorHandler(2, 'Undefined prope...', 'C:\\xampp\\htdocs...', 25)
#1 C:\xampp\htdocs\Weblog\system\CodeIgniter.php(824): App\Controllers\LoginController->login()
#2 C:\xampp\htdocs\Weblog\system\CodeIgniter.php(410): CodeIgniter\CodeIgniter->runController(Object(App\Controllers\LoginController))
#3 C:\xampp\htdocs\Weblog\system\CodeIgniter.php(318): CodeIgniter\CodeIgniter->handleRequest(NULL, Object(Config\Cache), false)
#4 C:\xampp\htdocs\Weblog\index.php(37): CodeIgniter\CodeIgniter->run()
#5 {main}
CRITICAL - 2021-12-01 23:39:50 --> Undefined array key "user_name"
#0 C:\xampp\htdocs\Weblog\app\Controllers\LoginController.php(26): CodeIgniter\Debug\Exceptions->errorHandler(2, 'Undefined array...', 'C:\\xampp\\htdocs...', 26)
#1 C:\xampp\htdocs\Weblog\system\CodeIgniter.php(824): App\Controllers\LoginController->login()
#2 C:\xampp\htdocs\Weblog\system\CodeIgniter.php(410): CodeIgniter\CodeIgniter->runController(Object(App\Controllers\LoginController))
#3 C:\xampp\htdocs\Weblog\system\CodeIgniter.php(318): CodeIgniter\CodeIgniter->handleRequest(NULL, Object(Config\Cache), false)
#4 C:\xampp\htdocs\Weblog\index.php(37): CodeIgniter\CodeIgniter->run()
#5 {main}
CRITICAL - 2021-12-01 23:40:47 --> Invalid file: success.php
#0 C:\xampp\htdocs\Weblog\system\View\View.php(198): CodeIgniter\Exceptions\FrameworkException::forInvalidFile('success.php')
#1 C:\xampp\htdocs\Weblog\system\Common.php(1097): CodeIgniter\View\View->render('success', Array, true)
#2 C:\xampp\htdocs\Weblog\app\Controllers\LoginController.php(30): view('success')
#3 C:\xampp\htdocs\Weblog\system\CodeIgniter.php(824): App\Controllers\LoginController->login()
#4 C:\xampp\htdocs\Weblog\system\CodeIgniter.php(410): CodeIgniter\CodeIgniter->runController(Object(App\Controllers\LoginController))
#5 C:\xampp\htdocs\Weblog\system\CodeIgniter.php(318): CodeIgniter\CodeIgniter->handleRequest(NULL, Object(Config\Cache), false)
#6 C:\xampp\htdocs\Weblog\index.php(37): CodeIgniter\CodeIgniter->run()
#7 {main}
