ERROR - 2021-12-25 02:23:42 --> Unknown column 'id' in 'where clause'
ERROR - 2021-12-25 02:23:42 --> Unknown column 'id' in 'where clause'
ERROR - 2021-12-25 02:23:42 --> Unknown column 'id' in 'where clause'
ERROR - 2021-12-25 02:23:42 --> Unknown column 'id' in 'where clause'
ERROR - 2021-12-25 02:23:42 --> Unknown column 'id' in 'where clause'
ERROR - 2021-12-25 02:25:00 --> Unknown column 'id' in 'where clause'
ERROR - 2021-12-25 02:25:00 --> Unknown column 'id' in 'where clause'
ERROR - 2021-12-25 02:25:00 --> Unknown column 'id' in 'where clause'
ERROR - 2021-12-25 02:25:00 --> Unknown column 'id' in 'where clause'
ERROR - 2021-12-25 02:25:00 --> Unknown column 'id' in 'where clause'
ERROR - 2021-12-25 02:25:49 --> Unknown column 'id' in 'where clause'
ERROR - 2021-12-25 02:25:49 --> Unknown column 'id' in 'where clause'
ERROR - 2021-12-25 02:25:49 --> Unknown column 'id' in 'where clause'
ERROR - 2021-12-25 02:25:49 --> Unknown column 'id' in 'where clause'
ERROR - 2021-12-25 02:25:49 --> Unknown column 'id' in 'where clause'
ERROR - 2021-12-25 02:26:33 --> Unknown column 'id' in 'where clause'
ERROR - 2021-12-25 02:26:33 --> Unknown column 'id' in 'where clause'
ERROR - 2021-12-25 02:26:33 --> Unknown column 'id' in 'where clause'
ERROR - 2021-12-25 02:26:33 --> Unknown column 'id' in 'where clause'
ERROR - 2021-12-25 02:26:33 --> Unknown column 'id' in 'where clause'
ERROR - 2021-12-25 02:27:20 --> Unknown column 'id' in 'where clause'
ERROR - 2021-12-25 02:27:20 --> Unknown column 'id' in 'where clause'
ERROR - 2021-12-25 02:27:20 --> Unknown column 'id' in 'where clause'
ERROR - 2021-12-25 02:27:20 --> Unknown column 'id' in 'where clause'
ERROR - 2021-12-25 02:27:20 --> Unknown column 'id' in 'where clause'
ERROR - 2021-12-25 02:28:28 --> Unknown column 'id' in 'where clause'
ERROR - 2021-12-25 02:28:28 --> Unknown column 'id' in 'where clause'
ERROR - 2021-12-25 02:28:28 --> Unknown column 'id' in 'where clause'
ERROR - 2021-12-25 02:28:28 --> Unknown column 'id' in 'where clause'
ERROR - 2021-12-25 02:28:28 --> Unknown column 'id' in 'where clause'
ERROR - 2021-12-25 02:30:06 --> Unknown column 'id' in 'where clause'
ERROR - 2021-12-25 02:30:06 --> Unknown column 'id' in 'where clause'
ERROR - 2021-12-25 02:30:06 --> Unknown column 'id' in 'where clause'
ERROR - 2021-12-25 02:30:06 --> Unknown column 'id' in 'where clause'
ERROR - 2021-12-25 02:30:06 --> Unknown column 'id' in 'where clause'
ERROR - 2021-12-25 02:34:41 --> Unknown column 'id' in 'where clause'
ERROR - 2021-12-25 02:34:41 --> Unknown column 'id' in 'where clause'
ERROR - 2021-12-25 02:34:41 --> Unknown column 'id' in 'where clause'
ERROR - 2021-12-25 02:34:41 --> Unknown column 'id' in 'where clause'
ERROR - 2021-12-25 02:34:41 --> Unknown column 'id' in 'where clause'
ERROR - 2021-12-25 02:35:39 --> Unknown column 'id' in 'where clause'
ERROR - 2021-12-25 02:35:39 --> Unknown column 'id' in 'where clause'
ERROR - 2021-12-25 02:35:39 --> Unknown column 'id' in 'where clause'
ERROR - 2021-12-25 02:35:39 --> Unknown column 'id' in 'where clause'
ERROR - 2021-12-25 02:35:39 --> Unknown column 'id' in 'where clause'
ERROR - 2021-12-25 02:36:52 --> Unknown column 'id' in 'where clause'
ERROR - 2021-12-25 02:36:52 --> Unknown column 'id' in 'where clause'
ERROR - 2021-12-25 02:36:52 --> Unknown column 'id' in 'where clause'
ERROR - 2021-12-25 02:36:52 --> Unknown column 'id' in 'where clause'
ERROR - 2021-12-25 02:36:52 --> Unknown column 'id' in 'where clause'
ERROR - 2021-12-25 02:45:06 --> Unknown column 'id' in 'where clause'
ERROR - 2021-12-25 02:45:06 --> Unknown column 'id' in 'where clause'
ERROR - 2021-12-25 02:45:06 --> Unknown column 'id' in 'where clause'
ERROR - 2021-12-25 02:45:06 --> Unknown column 'id' in 'where clause'
ERROR - 2021-12-25 02:45:06 --> Unknown column 'id' in 'where clause'
ERROR - 2021-12-25 02:47:19 --> Unknown column 'id' in 'where clause'
ERROR - 2021-12-25 02:47:19 --> Unknown column 'id' in 'where clause'
ERROR - 2021-12-25 02:47:19 --> Unknown column 'id' in 'where clause'
ERROR - 2021-12-25 02:47:19 --> Unknown column 'id' in 'where clause'
ERROR - 2021-12-25 02:47:19 --> Unknown column 'id' in 'where clause'
ERROR - 2021-12-25 02:47:50 --> Unknown column 'id' in 'where clause'
ERROR - 2021-12-25 02:47:50 --> Unknown column 'id' in 'where clause'
ERROR - 2021-12-25 02:47:50 --> Unknown column 'id' in 'where clause'
ERROR - 2021-12-25 02:47:50 --> Unknown column 'id' in 'where clause'
ERROR - 2021-12-25 02:47:50 --> Unknown column 'id' in 'where clause'
ERROR - 2021-12-25 02:48:52 --> Unknown column 'id' in 'where clause'
ERROR - 2021-12-25 02:48:52 --> Unknown column 'id' in 'where clause'
ERROR - 2021-12-25 02:48:52 --> Unknown column 'id' in 'where clause'
ERROR - 2021-12-25 02:48:52 --> Unknown column 'id' in 'where clause'
ERROR - 2021-12-25 02:48:52 --> Unknown column 'id' in 'where clause'
ERROR - 2021-12-25 02:49:50 --> Unknown column 'id' in 'where clause'
ERROR - 2021-12-25 02:49:50 --> Unknown column 'id' in 'where clause'
ERROR - 2021-12-25 02:49:50 --> Unknown column 'id' in 'where clause'
ERROR - 2021-12-25 02:49:50 --> Unknown column 'id' in 'where clause'
ERROR - 2021-12-25 02:49:50 --> Unknown column 'id' in 'where clause'
ERROR - 2021-12-25 02:50:44 --> Unknown column 'id' in 'where clause'
ERROR - 2021-12-25 02:50:44 --> Unknown column 'id' in 'where clause'
ERROR - 2021-12-25 02:50:44 --> Unknown column 'id' in 'where clause'
ERROR - 2021-12-25 02:50:44 --> Unknown column 'id' in 'where clause'
ERROR - 2021-12-25 02:50:44 --> Unknown column 'id' in 'where clause'
ERROR - 2021-12-25 02:51:18 --> Unknown column 'id' in 'where clause'
ERROR - 2021-12-25 02:51:18 --> Unknown column 'id' in 'where clause'
ERROR - 2021-12-25 02:51:18 --> Unknown column 'id' in 'where clause'
ERROR - 2021-12-25 02:51:18 --> Unknown column 'id' in 'where clause'
ERROR - 2021-12-25 02:51:18 --> Unknown column 'id' in 'where clause'
ERROR - 2021-12-25 02:57:19 --> Unknown column 'id' in 'where clause'
ERROR - 2021-12-25 02:57:19 --> Unknown column 'id' in 'where clause'
ERROR - 2021-12-25 02:57:19 --> Unknown column 'id' in 'where clause'
ERROR - 2021-12-25 02:57:19 --> Unknown column 'id' in 'where clause'
ERROR - 2021-12-25 02:57:19 --> Unknown column 'id' in 'where clause'
ERROR - 2021-12-25 03:03:11 --> Unknown column 'id' in 'where clause'
ERROR - 2021-12-25 03:03:11 --> Unknown column 'id' in 'where clause'
ERROR - 2021-12-25 03:03:11 --> Unknown column 'id' in 'where clause'
ERROR - 2021-12-25 03:04:17 --> Unknown column 'id' in 'where clause'
ERROR - 2021-12-25 03:04:17 --> Unknown column 'id' in 'where clause'
ERROR - 2021-12-25 03:04:17 --> Unknown column 'id' in 'where clause'
ERROR - 2021-12-25 03:12:22 --> Unknown column 'id' in 'where clause'
ERROR - 2021-12-25 03:12:22 --> Unknown column 'id' in 'where clause'
ERROR - 2021-12-25 03:12:22 --> Unknown column 'id' in 'where clause'
CRITICAL - 2021-12-25 04:02:13 --> Undefined array key "att"
#0 C:\xampp\htdocs\Datamanagement\app\Controllers\AttendanceController.php(25): CodeIgniter\Debug\Exceptions->errorHandler(2, 'Undefined array...', 'C:\\xampp\\htdocs...', 25)
#1 C:\xampp\htdocs\Datamanagement\system\CodeIgniter.php(824): App\Controllers\AttendanceController->index()
#2 C:\xampp\htdocs\Datamanagement\system\CodeIgniter.php(410): CodeIgniter\CodeIgniter->runController(Object(App\Controllers\AttendanceController))
#3 C:\xampp\htdocs\Datamanagement\system\CodeIgniter.php(318): CodeIgniter\CodeIgniter->handleRequest(NULL, Object(Config\Cache), false)
#4 C:\xampp\htdocs\Datamanagement\index.php(37): CodeIgniter\CodeIgniter->run()
#5 {main}
ERROR - 2021-12-25 04:20:17 --> Unknown column 'id' in 'where clause'
ERROR - 2021-12-25 04:20:17 --> Unknown column 'id' in 'where clause'
ERROR - 2021-12-25 04:20:17 --> Unknown column 'id' in 'where clause'
ERROR - 2021-12-25 04:22:01 --> Unknown column 'id' in 'where clause'
ERROR - 2021-12-25 04:22:01 --> Unknown column 'id' in 'where clause'
ERROR - 2021-12-25 04:22:01 --> Unknown column 'id' in 'where clause'
CRITICAL - 2021-12-25 07:03:28 --> Undefined array key "id"
#0 C:\xampp\htdocs\Datamanagement\app\Controllers\ChurchController.php(20): CodeIgniter\Debug\Exceptions->errorHandler(2, 'Undefined array...', 'C:\\xampp\\htdocs...', 20)
#1 C:\xampp\htdocs\Datamanagement\system\CodeIgniter.php(824): App\Controllers\ChurchController->index()
#2 C:\xampp\htdocs\Datamanagement\system\CodeIgniter.php(410): CodeIgniter\CodeIgniter->runController(Object(App\Controllers\ChurchController))
#3 C:\xampp\htdocs\Datamanagement\system\CodeIgniter.php(318): CodeIgniter\CodeIgniter->handleRequest(NULL, Object(Config\Cache), false)
#4 C:\xampp\htdocs\Datamanagement\index.php(37): CodeIgniter\CodeIgniter->run()
#5 {main}
CRITICAL - 2021-12-25 07:15:10 --> Unclosed '{' on line 89
#0 C:\xampp\htdocs\Datamanagement\system\View\View.php(217): CodeIgniter\View\View->CodeIgniter\View\{closure}()
#1 C:\xampp\htdocs\Datamanagement\system\Common.php(1097): CodeIgniter\View\View->render('ChurchView', Array, true)
#2 C:\xampp\htdocs\Datamanagement\app\Controllers\ChurchController.php(55): view('ChurchView', Array)
#3 C:\xampp\htdocs\Datamanagement\system\CodeIgniter.php(824): App\Controllers\ChurchController->index()
#4 C:\xampp\htdocs\Datamanagement\system\CodeIgniter.php(410): CodeIgniter\CodeIgniter->runController(Object(App\Controllers\ChurchController))
#5 C:\xampp\htdocs\Datamanagement\system\CodeIgniter.php(318): CodeIgniter\CodeIgniter->handleRequest(NULL, Object(Config\Cache), false)
#6 C:\xampp\htdocs\Datamanagement\index.php(37): CodeIgniter\CodeIgniter->run()
#7 {main}
CRITICAL - 2021-12-25 08:30:40 --> Undefined array key "baptized"
#0 C:\xampp\htdocs\Datamanagement\app\Controllers\MemberController.php(27): CodeIgniter\Debug\Exceptions->errorHandler(2, 'Undefined array...', 'C:\\xampp\\htdocs...', 27)
#1 C:\xampp\htdocs\Datamanagement\system\CodeIgniter.php(824): App\Controllers\MemberController->index()
#2 C:\xampp\htdocs\Datamanagement\system\CodeIgniter.php(410): CodeIgniter\CodeIgniter->runController(Object(App\Controllers\MemberController))
#3 C:\xampp\htdocs\Datamanagement\system\CodeIgniter.php(318): CodeIgniter\CodeIgniter->handleRequest(NULL, Object(Config\Cache), false)
#4 C:\xampp\htdocs\Datamanagement\index.php(37): CodeIgniter\CodeIgniter->run()
#5 {main}
CRITICAL - 2021-12-25 08:39:40 --> Undefined array key "baptized"
#0 C:\xampp\htdocs\Datamanagement\app\Controllers\MemberController.php(27): CodeIgniter\Debug\Exceptions->errorHandler(2, 'Undefined array...', 'C:\\xampp\\htdocs...', 27)
#1 C:\xampp\htdocs\Datamanagement\system\CodeIgniter.php(824): App\Controllers\MemberController->index()
#2 C:\xampp\htdocs\Datamanagement\system\CodeIgniter.php(410): CodeIgniter\CodeIgniter->runController(Object(App\Controllers\MemberController))
#3 C:\xampp\htdocs\Datamanagement\system\CodeIgniter.php(318): CodeIgniter\CodeIgniter->handleRequest(NULL, Object(Config\Cache), false)
#4 C:\xampp\htdocs\Datamanagement\index.php(37): CodeIgniter\CodeIgniter->run()
#5 {main}
CRITICAL - 2021-12-25 08:40:57 --> Undefined array key "church"
#0 C:\xampp\htdocs\Datamanagement\app\Controllers\MemberController.php(51): CodeIgniter\Debug\Exceptions->errorHandler(2, 'Undefined array...', 'C:\\xampp\\htdocs...', 51)
#1 C:\xampp\htdocs\Datamanagement\system\CodeIgniter.php(824): App\Controllers\MemberController->index()
#2 C:\xampp\htdocs\Datamanagement\system\CodeIgniter.php(410): CodeIgniter\CodeIgniter->runController(Object(App\Controllers\MemberController))
#3 C:\xampp\htdocs\Datamanagement\system\CodeIgniter.php(318): CodeIgniter\CodeIgniter->handleRequest(NULL, Object(Config\Cache), false)
#4 C:\xampp\htdocs\Datamanagement\index.php(37): CodeIgniter\CodeIgniter->run()
#5 {main}
CRITICAL - 2021-12-25 08:51:14 --> Undefined array key "church"
#0 C:\xampp\htdocs\Datamanagement\app\Views\MemberView.php(105): CodeIgniter\Debug\Exceptions->errorHandler(2, 'Undefined array...', 'C:\\xampp\\htdocs...', 105)
#1 C:\xampp\htdocs\Datamanagement\system\View\View.php(214): include('C:\\xampp\\htdocs...')
#2 C:\xampp\htdocs\Datamanagement\system\View\View.php(217): CodeIgniter\View\View->CodeIgniter\View\{closure}()
#3 C:\xampp\htdocs\Datamanagement\system\Common.php(1097): CodeIgniter\View\View->render('MemberView', Array, true)
#4 C:\xampp\htdocs\Datamanagement\app\Controllers\MemberController.php(72): view('MemberView', Array)
#5 C:\xampp\htdocs\Datamanagement\system\CodeIgniter.php(824): App\Controllers\MemberController->index()
#6 C:\xampp\htdocs\Datamanagement\system\CodeIgniter.php(410): CodeIgniter\CodeIgniter->runController(Object(App\Controllers\MemberController))
#7 C:\xampp\htdocs\Datamanagement\system\CodeIgniter.php(318): CodeIgniter\CodeIgniter->handleRequest(NULL, Object(Config\Cache), false)
#8 C:\xampp\htdocs\Datamanagement\index.php(37): CodeIgniter\CodeIgniter->run()
#9 {main}
CRITICAL - 2021-12-25 08:53:23 --> Undefined array key "church"
#0 C:\xampp\htdocs\Datamanagement\app\Views\MemberView.php(105): CodeIgniter\Debug\Exceptions->errorHandler(2, 'Undefined array...', 'C:\\xampp\\htdocs...', 105)
#1 C:\xampp\htdocs\Datamanagement\system\View\View.php(214): include('C:\\xampp\\htdocs...')
#2 C:\xampp\htdocs\Datamanagement\system\View\View.php(217): CodeIgniter\View\View->CodeIgniter\View\{closure}()
#3 C:\xampp\htdocs\Datamanagement\system\Common.php(1097): CodeIgniter\View\View->render('MemberView', Array, true)
#4 C:\xampp\htdocs\Datamanagement\app\Controllers\MemberController.php(72): view('MemberView', Array)
#5 C:\xampp\htdocs\Datamanagement\system\CodeIgniter.php(824): App\Controllers\MemberController->index()
#6 C:\xampp\htdocs\Datamanagement\system\CodeIgniter.php(410): CodeIgniter\CodeIgniter->runController(Object(App\Controllers\MemberController))
#7 C:\xampp\htdocs\Datamanagement\system\CodeIgniter.php(318): CodeIgniter\CodeIgniter->handleRequest(NULL, Object(Config\Cache), false)
#8 C:\xampp\htdocs\Datamanagement\index.php(37): CodeIgniter\CodeIgniter->run()
#9 {main}
